Arguments: 
  D:\nodejs\node.exe C:\Users\27881\AppData\Roaming\npm\node_modules\yarn\bin\yarn.js remove unocss unocss-preset-weapp vite

PATH: 
  C:\Program Files\Common Files\Oracle\Java\javapath;E:\VMware Workstation Pro\bin\;C:\Windows\system32;C:\Windows;C:\Windows\System32\Wbem;C:\Windows\System32\WindowsPowerShell\v1.0\;C:\Windows\System32\OpenSSH\;C:\Program Files (x86)\NVIDIA Corporation\PhysX\Common;C:\Program Files\NVIDIA Corporation\NVIDIA NvDLISR;E:\java 11\bin\;E:\微信web开发者工具\dll;E:\phpstudy_pro\Extensions\MySQL5.7.26\bin;\bin;E:\Git\cmd;E:\Android\Sdk\platform-tools;E:\Android\Sdk\emulator;E:\Android\Sdk\tools;E:\Android\Sdk\tools\bin;E:\xftp7\;C:\Users\27881\AppData\Local\Programs\Python\Python311;C:\Users\27881\.platformio\penv\Scripts;E:\flutter\bin;D:\nvm;D:\nodejs;;D:\微信web开发者工具\dll;C:\Users\27881\AppData\Local\Microsoft\WindowsApps;C:\Users\27881\AppData\Roaming\npm;D:\Microsoft VS Code\Microsoft VS Code\bin;D:\phpstudy_pro\Extensions\php\php7.3.4nts;C:\Users\27881\AppData\Local\ComposerSetup\bin;C:\Users\27881\AppData\Roaming\Composer\vendor\bin;D:\nodejs\;D:\nvm;D:\nodejs

Yarn version: 
  1.22.19

Node version: 
  18.17.0

Platform: 
  win32 x64

Trace: 
  Error: EPERM: operation not permitted, unlink 'D:\parking-client\node_modules\@rollup\rollup-win32-x64-msvc\rollup.win32-x64-msvc.node'

npm manifest: 
  {
    "dependencies": {
      "clipboard": "^2.0.11",
      "dayjs": "^1.11.10",
      "uview-plus": "^3.1.41"
    },
    "devDependencies": {
      "sass": "^1.69.5",
      "sass-loader": "^10.4.1"
    }
  }

yarn manifest: 
  No manifest

Lockfile: 
  # THIS IS AN AUTOGENERATED FILE. DO NOT EDIT THIS FILE DIRECTLY.
  # yarn lockfile v1
  
  
  "@ampproject/remapping@^2.2.0", "@ampproject/remapping@^2.2.1":
    version "2.2.1"
    resolved "https://registry.yarnpkg.com/@ampproject/remapping/-/remapping-2.2.1.tgz#99e8e11851128b8702cd57c33684f1d0f260b630"
    integrity sha512-lFMjJTrFL3j7L9yBxwYfCq2k6qqwHyzuUl/XBnif78PWTJYyL/dfowQHWE3sp6U6ZzqWiiIZnpTMO96zhkjwtg==
    dependencies:
      "@jridgewell/gen-mapping" "^0.3.0"
      "@jridgewell/trace-mapping" "^0.3.9"
  
  "@antfu/install-pkg@^0.1.1":
    version "0.1.1"
    resolved "https://registry.yarnpkg.com/@antfu/install-pkg/-/install-pkg-0.1.1.tgz#157bb04f0de8100b9e4c01734db1a6c77e98bbb5"
    integrity sha512-LyB/8+bSfa0DFGC06zpCEfs89/XoWZwws5ygEa5D+Xsm3OfI+aXQ86VgVG7Acyef+rSZ5HE7J8rrxzrQeM3PjQ==
    dependencies:
      execa "^5.1.1"
      find-up "^5.0.0"
  
  "@antfu/utils@^0.7.5", "@antfu/utils@^0.7.6":
    version "0.7.6"
    resolved "https://registry.yarnpkg.com/@antfu/utils/-/utils-0.7.6.tgz#30a046419b9e1ecd276e53d41ab68fb6c558c04d"
    integrity sha512-pvFiLP2BeOKA/ZOS6jxx4XhKzdVLHDhGlFEaZ2flWWYf2xOqVniqpk38I04DFRyz+L0ASggl7SkItTc+ZLju4w==
  
  "@babel/code-frame@^7.22.13", "@babel/code-frame@^7.23.5":
    version "7.23.5"
    resolved "https://registry.yarnpkg.com/@babel/code-frame/-/code-frame-7.23.5.tgz#9009b69a8c602293476ad598ff53e4562e15c244"
    integrity sha512-CgH3s1a96LipHCmSUmYFPwY7MNx8C3avkq7i4Wl3cfa662ldtUe4VM1TPXX70pfmrlWTb6jLqTYrZyT2ZTJBgA==
    dependencies:
      "@babel/highlight" "^7.23.4"
      chalk "^2.4.2"
  
  "@babel/compat-data@^7.22.9":
    version "7.23.5"
    resolved "https://registry.yarnpkg.com/@babel/compat-data/-/compat-data-7.23.5.tgz#ffb878728bb6bdcb6f4510aa51b1be9afb8cfd98"
    integrity sha512-uU27kfDRlhfKl+w1U6vp16IuvSLtjAxdArVXPa9BvLkrr7CYIsxH5adpHObeAGY/41+syctUWOZ140a2Rvkgjw==
  
  "@babel/core@^7.23.3":
    version "7.23.5"
    resolved "https://registry.yarnpkg.com/@babel/core/-/core-7.23.5.tgz#6e23f2acbcb77ad283c5ed141f824fd9f70101c7"
    integrity sha512-Cwc2XjUrG4ilcfOw4wBAK+enbdgwAcAJCfGUItPBKR7Mjw4aEfAFYrLxeRp4jWgtNIKn3n2AlBOfwwafl+42/g==
    dependencies:
      "@ampproject/remapping" "^2.2.0"
      "@babel/code-frame" "^7.23.5"
      "@babel/generator" "^7.23.5"
      "@babel/helper-compilation-targets" "^7.22.15"
      "@babel/helper-module-transforms" "^7.23.3"
      "@babel/helpers" "^7.23.5"
      "@babel/parser" "^7.23.5"
      "@babel/template" "^7.22.15"
      "@babel/traverse" "^7.23.5"
      "@babel/types" "^7.23.5"
      convert-source-map "^2.0.0"
      debug "^4.1.0"
      gensync "^1.0.0-beta.2"
      json5 "^2.2.3"
      semver "^6.3.1"
  
  "@babel/generator@^7.23.5":
    version "7.23.5"
    resolved "https://registry.yarnpkg.com/@babel/generator/-/generator-7.23.5.tgz#17d0a1ea6b62f351d281350a5f80b87a810c4755"
    integrity sha512-BPssCHrBD+0YrxviOa3QzpqwhNIXKEtOa2jQrm4FlmkC2apYgRnQcmPWiGZDlGxiNtltnUFolMe8497Esry+jA==
    dependencies:
      "@babel/types" "^7.23.5"
      "@jridgewell/gen-mapping" "^0.3.2"
      "@jridgewell/trace-mapping" "^0.3.17"
      jsesc "^2.5.1"
  
  "@babel/helper-annotate-as-pure@^7.22.5":
    version "7.22.5"
    resolved "https://registry.yarnpkg.com/@babel/helper-annotate-as-pure/-/helper-annotate-as-pure-7.22.5.tgz#e7f06737b197d580a01edf75d97e2c8be99d3882"
    integrity sha512-LvBTxu8bQSQkcyKOU+a1btnNFQ1dMAd0R6PyW3arXes06F6QLWLIrd681bxRPIXlrMGR3XYnW9JyML7dP3qgxg==
    dependencies:
      "@babel/types" "^7.22.5"
  
  "@babel/helper-compilation-targets@^7.22.15":
    version "7.22.15"
    resolved "https://registry.yarnpkg.com/@babel/helper-compilation-targets/-/helper-compilation-targets-7.22.15.tgz#0698fc44551a26cf29f18d4662d5bf545a6cfc52"
    integrity sha512-y6EEzULok0Qvz8yyLkCvVX+02ic+By2UdOhylwUOvOn9dvYc9mKICJuuU1n1XBI02YWsNsnrY1kc6DVbjcXbtw==
    dependencies:
      "@babel/compat-data" "^7.22.9"
      "@babel/helper-validator-option" "^7.22.15"
      browserslist "^4.21.9"
      lru-cache "^5.1.1"
      semver "^6.3.1"
  
  "@babel/helper-create-class-features-plugin@^7.23.5":
    version "7.23.5"
    resolved "https://registry.yarnpkg.com/@babel/helper-create-class-features-plugin/-/helper-create-class-features-plugin-7.23.5.tgz#2a8792357008ae9ce8c0f2b78b9f646ac96b314b"
    integrity sha512-QELlRWxSpgdwdJzSJn4WAhKC+hvw/AtHbbrIoncKHkhKKR/luAlKkgBDcri1EzWAo8f8VvYVryEHN4tax/V67A==
    dependencies:
      "@babel/helper-annotate-as-pure" "^7.22.5"
      "@babel/helper-environment-visitor" "^7.22.20"
      "@babel/helper-function-name" "^7.23.0"
      "@babel/helper-member-expression-to-functions" "^7.23.0"
      "@babel/helper-optimise-call-expression" "^7.22.5"
      "@babel/helper-replace-supers" "^7.22.20"
      "@babel/helper-skip-transparent-expression-wrappers" "^7.22.5"
      "@babel/helper-split-export-declaration" "^7.22.6"
      semver "^6.3.1"
  
  "@babel/helper-environment-visitor@^7.22.20":
    version "7.22.20"
    resolved "https://registry.yarnpkg.com/@babel/helper-environment-visitor/-/helper-environment-visitor-7.22.20.tgz#96159db61d34a29dba454c959f5ae4a649ba9167"
    integrity sha512-zfedSIzFhat/gFhWfHtgWvlec0nqB9YEIVrpuwjruLlXfUSnA8cJB0miHKwqDnQ7d32aKo2xt88/xZptwxbfhA==
  
  "@babel/helper-function-name@^7.23.0":
    version "7.23.0"
    resolved "https://registry.yarnpkg.com/@babel/helper-function-name/-/helper-function-name-7.23.0.tgz#1f9a3cdbd5b2698a670c30d2735f9af95ed52759"
    integrity sha512-OErEqsrxjZTJciZ4Oo+eoZqeW9UIiOcuYKRJA4ZAgV9myA+pOXhhmpfNCKjEH/auVfEYVFJ6y1Tc4r0eIApqiw==
    dependencies:
      "@babel/template" "^7.22.15"
      "@babel/types" "^7.23.0"
  
  "@babel/helper-hoist-variables@^7.22.5":
    version "7.22.5"
    resolved "https://registry.yarnpkg.com/@babel/helper-hoist-variables/-/helper-hoist-variables-7.22.5.tgz#c01a007dac05c085914e8fb652b339db50d823bb"
    integrity sha512-wGjk9QZVzvknA6yKIUURb8zY3grXCcOZt+/7Wcy8O2uctxhplmUPkOdlgoNhmdVee2c92JXbf1xpMtVNbfoxRw==
    dependencies:
      "@babel/types" "^7.22.5"
  
  "@babel/helper-member-expression-to-functions@^7.22.15", "@babel/helper-member-expression-to-functions@^7.23.0":
    version "7.23.0"
    resolved "https://registry.yarnpkg.com/@babel/helper-member-expression-to-functions/-/helper-member-expression-to-functions-7.23.0.tgz#9263e88cc5e41d39ec18c9a3e0eced59a3e7d366"
    integrity sha512-6gfrPwh7OuT6gZyJZvd6WbTfrqAo7vm4xCzAXOusKqq/vWdKXphTpj5klHKNmRUU6/QRGlBsyU9mAIPaWHlqJA==
    dependencies:
      "@babel/types" "^7.23.0"
  
  "@babel/helper-module-imports@^7.22.15":
    version "7.22.15"
    resolved "https://registry.yarnpkg.com/@babel/helper-module-imports/-/helper-module-imports-7.22.15.tgz#16146307acdc40cc00c3b2c647713076464bdbf0"
    integrity sha512-0pYVBnDKZO2fnSPCrgM/6WMc7eS20Fbok+0r88fp+YtWVLZrp4CkafFGIp+W0VKw4a22sgebPT99y+FDNMdP4w==
    dependencies:
      "@babel/types" "^7.22.15"
  
  "@babel/helper-module-transforms@^7.23.3":
    version "7.23.3"
    resolved "https://registry.yarnpkg.com/@babel/helper-module-transforms/-/helper-module-transforms-7.23.3.tgz#d7d12c3c5d30af5b3c0fcab2a6d5217773e2d0f1"
    integrity sha512-7bBs4ED9OmswdfDzpz4MpWgSrV7FXlc3zIagvLFjS5H+Mk7Snr21vQ6QwrsoCGMfNC4e4LQPdoULEt4ykz0SRQ==
    dependencies:
      "@babel/helper-environment-visitor" "^7.22.20"
      "@babel/helper-module-imports" "^7.22.15"
      "@babel/helper-simple-access" "^7.22.5"
      "@babel/helper-split-export-declaration" "^7.22.6"
      "@babel/helper-validator-identifier" "^7.22.20"
  
  "@babel/helper-optimise-call-expression@^7.22.5":
    version "7.22.5"
    resolved "https://registry.yarnpkg.com/@babel/helper-optimise-call-expression/-/helper-optimise-call-expression-7.22.5.tgz#f21531a9ccbff644fdd156b4077c16ff0c3f609e"
    integrity sha512-HBwaojN0xFRx4yIvpwGqxiV2tUfl7401jlok564NgB9EHS1y6QT17FmKWm4ztqjeVdXLuC4fSvHc5ePpQjoTbw==
    dependencies:
      "@babel/types" "^7.22.5"
  
  "@babel/helper-plugin-utils@^7.22.5":
    version "7.22.5"
    resolved "https://registry.yarnpkg.com/@babel/helper-plugin-utils/-/helper-plugin-utils-7.22.5.tgz#dd7ee3735e8a313b9f7b05a773d892e88e6d7295"
    integrity sha512-uLls06UVKgFG9QD4OeFYLEGteMIAa5kpTPcFL28yuCIIzsf6ZyKZMllKVOCZFhiZ5ptnwX4mtKdWCBE/uT4amg==
  
  "@babel/helper-replace-supers@^7.22.20":
    version "7.22.20"
    resolved "https://registry.yarnpkg.com/@babel/helper-replace-supers/-/helper-replace-supers-7.22.20.tgz#e37d367123ca98fe455a9887734ed2e16eb7a793"
    integrity sha512-qsW0In3dbwQUbK8kejJ4R7IHVGwHJlV6lpG6UA7a9hSa2YEiAib+N1T2kr6PEeUT+Fl7najmSOS6SmAwCHK6Tw==
    dependencies:
      "@babel/helper-environment-visitor" "^7.22.20"
      "@babel/helper-member-expression-to-functions" "^7.22.15"
      "@babel/helper-optimise-call-expression" "^7.22.5"
  
  "@babel/helper-simple-access@^7.22.5":
    version "7.22.5"
    resolved "https://registry.yarnpkg.com/@babel/helper-simple-access/-/helper-simple-access-7.22.5.tgz#4938357dc7d782b80ed6dbb03a0fba3d22b1d5de"
    integrity sha512-n0H99E/K+Bika3++WNL17POvo4rKWZ7lZEp1Q+fStVbUi8nxPQEBOlTmCOxW/0JsS56SKKQ+ojAe2pHKJHN35w==
    dependencies:
      "@babel/types" "^7.22.5"
  
  "@babel/helper-skip-transparent-expression-wrappers@^7.22.5":
    version "7.22.5"
    resolved "https://registry.yarnpkg.com/@babel/helper-skip-transparent-expression-wrappers/-/helper-skip-transparent-expression-wrappers-7.22.5.tgz#007f15240b5751c537c40e77abb4e89eeaaa8847"
    integrity sha512-tK14r66JZKiC43p8Ki33yLBVJKlQDFoA8GYN67lWCDCqoL6EMMSuM9b+Iff2jHaM/RRFYl7K+iiru7hbRqNx8Q==
    dependencies:
      "@babel/types" "^7.22.5"
  
  "@babel/helper-split-export-declaration@^7.22.6":
    version "7.22.6"
    resolved "https://registry.yarnpkg.com/@babel/helper-split-export-declaration/-/helper-split-export-declaration-7.22.6.tgz#322c61b7310c0997fe4c323955667f18fcefb91c"
    integrity sha512-AsUnxuLhRYsisFiaJwvp1QF+I3KjD5FOxut14q/GzovUe6orHLesW2C7d754kRm53h5gqrz6sFl6sxc4BVtE/g==
    dependencies:
      "@babel/types" "^7.22.5"
  
  "@babel/helper-string-parser@^7.23.4":
    version "7.23.4"
    resolved "https://registry.yarnpkg.com/@babel/helper-string-parser/-/helper-string-parser-7.23.4.tgz#9478c707febcbbe1ddb38a3d91a2e054ae622d83"
    integrity sha512-803gmbQdqwdf4olxrX4AJyFBV/RTr3rSmOj0rKwesmzlfhYNDEs+/iOcznzpNWlJlIlTJC2QfPFcHB6DlzdVLQ==
  
  "@babel/helper-validator-identifier@^7.22.20":
    version "7.22.20"
    resolved "https://registry.yarnpkg.com/@babel/helper-validator-identifier/-/helper-validator-identifier-7.22.20.tgz#c4ae002c61d2879e724581d96665583dbc1dc0e0"
    integrity sha512-Y4OZ+ytlatR8AI+8KZfKuL5urKp7qey08ha31L8b3BwewJAoJamTzyvxPR/5D+KkdJCGPq/+8TukHBlY10FX9A==
  
  "@babel/helper-validator-option@^7.22.15":
    version "7.23.5"
    resolved "https://registry.yarnpkg.com/@babel/helper-validator-option/-/helper-validator-option-7.23.5.tgz#907a3fbd4523426285365d1206c423c4c5520307"
    integrity sha512-85ttAOMLsr53VgXkTbkx8oA6YTfT4q7/HzXSLEYmjcSTJPMPQtvq1BD79Byep5xMUYbGRzEpDsjUf3dyp54IKw==
  
  "@babel/helpers@^7.23.5":
    version "7.23.5"
    resolved "https://registry.yarnpkg.com/@babel/helpers/-/helpers-7.23.5.tgz#52f522840df8f1a848d06ea6a79b79eefa72401e"
    integrity sha512-oO7us8FzTEsG3U6ag9MfdF1iA/7Z6dz+MtFhifZk8C8o453rGJFFWUP1t+ULM9TUIAzC9uxXEiXjOiVMyd7QPg==
    dependencies:
      "@babel/template" "^7.22.15"
      "@babel/traverse" "^7.23.5"
      "@babel/types" "^7.23.5"
  
  "@babel/highlight@^7.23.4":
    version "7.23.4"
    resolved "https://registry.yarnpkg.com/@babel/highlight/-/highlight-7.23.4.tgz#edaadf4d8232e1a961432db785091207ead0621b"
    integrity sha512-acGdbYSfp2WheJoJm/EBBBLh/ID8KDc64ISZ9DYtBmC8/Q204PZJLHyzeB5qMzJ5trcOkybd78M4x2KWsUq++A==
    dependencies:
      "@babel/helper-validator-identifier" "^7.22.20"
      chalk "^2.4.2"
      js-tokens "^4.0.0"
  
  "@babel/parser@^7.22.15", "@babel/parser@^7.23.5":
    version "7.23.5"
    resolved "https://registry.yarnpkg.com/@babel/parser/-/parser-7.23.5.tgz#37dee97c4752af148e1d38c34b856b2507660563"
    integrity sha512-hOOqoiNXrmGdFbhgCzu6GiURxUgM27Xwd/aPuu8RfHEZPBzL1Z54okAHAQjXfcQNwvrlkAmAp4SlRTZ45vlthQ==
  
  "@babel/plugin-syntax-jsx@^7.23.3":
    version "7.23.3"
    resolved "https://registry.yarnpkg.com/@babel/plugin-syntax-jsx/-/plugin-syntax-jsx-7.23.3.tgz#8f2e4f8a9b5f9aa16067e142c1ac9cd9f810f473"
    integrity sha512-EB2MELswq55OHUoRZLGg/zC7QWUKfNLpE57m/S2yr1uEneIgsTgrSzXP3NXEsMkVn76OlaVVnzN+ugObuYGwhg==
    dependencies:
      "@babel/helper-plugin-utils" "^7.22.5"
  
  "@babel/plugin-syntax-typescript@^7.23.3":
    version "7.23.3"
    resolved "https://registry.yarnpkg.com/@babel/plugin-syntax-typescript/-/plugin-syntax-typescript-7.23.3.tgz#24f460c85dbbc983cd2b9c4994178bcc01df958f"
    integrity sha512-9EiNjVJOMwCO+43TqoTrgQ8jMwcAd0sWyXi9RPfIsLTj4R2MADDDQXELhffaUx/uJv2AYcxBgPwH6j4TIA4ytQ==
    dependencies:
      "@babel/helper-plugin-utils" "^7.22.5"
  
  "@babel/plugin-transform-modules-commonjs@^7.23.3":
    version "7.23.3"
    resolved "https://registry.yarnpkg.com/@babel/plugin-transform-modules-commonjs/-/plugin-transform-modules-commonjs-7.23.3.tgz#661ae831b9577e52be57dd8356b734f9700b53b4"
    integrity sha512-aVS0F65LKsdNOtcz6FRCpE4OgsP2OFnW46qNxNIX9h3wuzaNcSQsJysuMwqSibC98HPrf2vCgtxKNwS0DAlgcA==
    dependencies:
      "@babel/helper-module-transforms" "^7.23.3"
      "@babel/helper-plugin-utils" "^7.22.5"
      "@babel/helper-simple-access" "^7.22.5"
  
  "@babel/plugin-transform-typescript@^7.23.3":
    version "7.23.5"
    resolved "https://registry.yarnpkg.com/@babel/plugin-transform-typescript/-/plugin-transform-typescript-7.23.5.tgz#83da13ef62a1ebddf2872487527094b31c9adb84"
    integrity sha512-2fMkXEJkrmwgu2Bsv1Saxgj30IXZdJ+84lQcKKI7sm719oXs0BBw2ZENKdJdR1PjWndgLCEBNXJOri0fk7RYQA==
    dependencies:
      "@babel/helper-annotate-as-pure" "^7.22.5"
      "@babel/helper-create-class-features-plugin" "^7.23.5"
      "@babel/helper-plugin-utils" "^7.22.5"
      "@babel/plugin-syntax-typescript" "^7.23.3"
  
  "@babel/preset-typescript@^7.23.3":
    version "7.23.3"
    resolved "https://registry.yarnpkg.com/@babel/preset-typescript/-/preset-typescript-7.23.3.tgz#14534b34ed5b6d435aa05f1ae1c5e7adcc01d913"
    integrity sha512-17oIGVlqz6CchO9RFYn5U6ZpWRZIngayYCtrPRSgANSwC2V1Jb+iP74nVxzzXJte8b8BYxrL1yY96xfhTBrNNQ==
    dependencies:
      "@babel/helper-plugin-utils" "^7.22.5"
      "@babel/helper-validator-option" "^7.22.15"
      "@babel/plugin-syntax-jsx" "^7.23.3"
      "@babel/plugin-transform-modules-commonjs" "^7.23.3"
      "@babel/plugin-transform-typescript" "^7.23.3"
  
  "@babel/template@^7.22.15":
    version "7.22.15"
    resolved "https://registry.yarnpkg.com/@babel/template/-/template-7.22.15.tgz#09576efc3830f0430f4548ef971dde1350ef2f38"
    integrity sha512-QPErUVm4uyJa60rkI73qneDacvdvzxshT3kksGqlGWYdOTIUOwJ7RDUL8sGqslY1uXWSL6xMFKEXDS3ox2uF0w==
    dependencies:
      "@babel/code-frame" "^7.22.13"
      "@babel/parser" "^7.22.15"
      "@babel/types" "^7.22.15"
  
  "@babel/traverse@^7.23.5":
    version "7.23.5"
    resolved "https://registry.yarnpkg.com/@babel/traverse/-/traverse-7.23.5.tgz#f546bf9aba9ef2b042c0e00d245990c15508e7ec"
    integrity sha512-czx7Xy5a6sapWWRx61m1Ke1Ra4vczu1mCTtJam5zRTBOonfdJ+S/B6HYmGYu3fJtr8GGET3si6IhgWVBhJ/m8w==
    dependencies:
      "@babel/code-frame" "^7.23.5"
      "@babel/generator" "^7.23.5"
      "@babel/helper-environment-visitor" "^7.22.20"
      "@babel/helper-function-name" "^7.23.0"
      "@babel/helper-hoist-variables" "^7.22.5"
      "@babel/helper-split-export-declaration" "^7.22.6"
      "@babel/parser" "^7.23.5"
      "@babel/types" "^7.23.5"
      debug "^4.1.0"
      globals "^11.1.0"
  
  "@babel/types@^7.22.15", "@babel/types@^7.22.5", "@babel/types@^7.23.0", "@babel/types@^7.23.5":
    version "7.23.5"
    resolved "https://registry.yarnpkg.com/@babel/types/-/types-7.23.5.tgz#48d730a00c95109fa4393352705954d74fb5b602"
    integrity sha512-ON5kSOJwVO6xXVRTvOI0eOnWe7VdUcIpsovGo9U/Br4Ie4UVFQTboO2cYnDhAGU6Fp+UxSiT+pMft0SMHfuq6w==
    dependencies:
      "@babel/helper-string-parser" "^7.23.4"
      "@babel/helper-validator-identifier" "^7.22.20"
      to-fast-properties "^2.0.0"
  
  "@esbuild/android-arm64@0.19.8":
    version "0.19.8"
    resolved "https://registry.yarnpkg.com/@esbuild/android-arm64/-/android-arm64-0.19.8.tgz#fb7130103835b6d43ea499c3f30cfb2b2ed58456"
    integrity sha512-B8JbS61bEunhfx8kasogFENgQfr/dIp+ggYXwTqdbMAgGDhRa3AaPpQMuQU0rNxDLECj6FhDzk1cF9WHMVwrtA==
  
  "@esbuild/android-arm@0.19.8":
    version "0.19.8"
    resolved "https://registry.yarnpkg.com/@esbuild/android-arm/-/android-arm-0.19.8.tgz#b46e4d9e984e6d6db6c4224d72c86b7757e35bcb"
    integrity sha512-31E2lxlGM1KEfivQl8Yf5aYU/mflz9g06H6S15ITUFQueMFtFjESRMoDSkvMo8thYvLBax+VKTPlpnx+sPicOA==
  
  "@esbuild/android-x64@0.19.8":
    version "0.19.8"
    resolved "https://registry.yarnpkg.com/@esbuild/android-x64/-/android-x64-0.19.8.tgz#a13db9441b5a4f4e4fec4a6f8ffacfea07888db7"
    integrity sha512-rdqqYfRIn4jWOp+lzQttYMa2Xar3OK9Yt2fhOhzFXqg0rVWEfSclJvZq5fZslnz6ypHvVf3CT7qyf0A5pM682A==
  
  "@esbuild/darwin-arm64@0.19.8":
    version "0.19.8"
    resolved "https://registry.yarnpkg.com/@esbuild/darwin-arm64/-/darwin-arm64-0.19.8.tgz#49f5718d36541f40dd62bfdf84da9c65168a0fc2"
    integrity sha512-RQw9DemMbIq35Bprbboyf8SmOr4UXsRVxJ97LgB55VKKeJOOdvsIPy0nFyF2l8U+h4PtBx/1kRf0BelOYCiQcw==
  
  "@esbuild/darwin-x64@0.19.8":
    version "0.19.8"
    resolved "https://registry.yarnpkg.com/@esbuild/darwin-x64/-/darwin-x64-0.19.8.tgz#75c5c88371eea4bfc1f9ecfd0e75104c74a481ac"
    integrity sha512-3sur80OT9YdeZwIVgERAysAbwncom7b4bCI2XKLjMfPymTud7e/oY4y+ci1XVp5TfQp/bppn7xLw1n/oSQY3/Q==
  
  "@esbuild/freebsd-arm64@0.19.8":
    version "0.19.8"
    resolved "https://registry.yarnpkg.com/@esbuild/freebsd-arm64/-/freebsd-arm64-0.19.8.tgz#9d7259fea4fd2b5f7437b52b542816e89d7c8575"
    integrity sha512-WAnPJSDattvS/XtPCTj1tPoTxERjcTpH6HsMr6ujTT+X6rylVe8ggxk8pVxzf5U1wh5sPODpawNicF5ta/9Tmw==
  
  "@esbuild/freebsd-x64@0.19.8":
    version "0.19.8"
    resolved "https://registry.yarnpkg.com/@esbuild/freebsd-x64/-/freebsd-x64-0.19.8.tgz#abac03e1c4c7c75ee8add6d76ec592f46dbb39e3"
    integrity sha512-ICvZyOplIjmmhjd6mxi+zxSdpPTKFfyPPQMQTK/w+8eNK6WV01AjIztJALDtwNNfFhfZLux0tZLC+U9nSyA5Zg==
  
  "@esbuild/linux-arm64@0.19.8":
    version "0.19.8"
    resolved "https://registry.yarnpkg.com/@esbuild/linux-arm64/-/linux-arm64-0.19.8.tgz#c577932cf4feeaa43cb9cec27b89cbe0df7d9098"
    integrity sha512-z1zMZivxDLHWnyGOctT9JP70h0beY54xDDDJt4VpTX+iwA77IFsE1vCXWmprajJGa+ZYSqkSbRQ4eyLCpCmiCQ==
  
  "@esbuild/linux-arm@0.19.8":
    version "0.19.8"
    resolved "https://registry.yarnpkg.com/@esbuild/linux-arm/-/linux-arm-0.19.8.tgz#d6014d8b98b5cbc96b95dad3d14d75bb364fdc0f"
    integrity sha512-H4vmI5PYqSvosPaTJuEppU9oz1dq2A7Mr2vyg5TF9Ga+3+MGgBdGzcyBP7qK9MrwFQZlvNyJrvz6GuCaj3OukQ==
  
  "@esbuild/linux-ia32@0.19.8":
    version "0.19.8"
    resolved "https://registry.yarnpkg.com/@esbuild/linux-ia32/-/linux-ia32-0.19.8.tgz#2379a0554307d19ac4a6cdc15b08f0ea28e7a40d"
    integrity sha512-1a8suQiFJmZz1khm/rDglOc8lavtzEMRo0v6WhPgxkrjcU0LkHj+TwBrALwoz/OtMExvsqbbMI0ChyelKabSvQ==
  
  "@esbuild/linux-loong64@0.19.8":
    version "0.19.8"
    resolved "https://registry.yarnpkg.com/@esbuild/linux-loong64/-/linux-loong64-0.19.8.tgz#e2a5bbffe15748b49356a6cd7b2d5bf60c5a7123"
    integrity sha512-fHZWS2JJxnXt1uYJsDv9+b60WCc2RlvVAy1F76qOLtXRO+H4mjt3Tr6MJ5l7Q78X8KgCFudnTuiQRBhULUyBKQ==
  
  "@esbuild/linux-mips64el@0.19.8":
    version "0.19.8"
    resolved "https://registry.yarnpkg.com/@esbuild/linux-mips64el/-/linux-mips64el-0.19.8.tgz#1359331e6f6214f26f4b08db9b9df661c57cfa24"
    integrity sha512-Wy/z0EL5qZYLX66dVnEg9riiwls5IYnziwuju2oUiuxVc+/edvqXa04qNtbrs0Ukatg5HEzqT94Zs7J207dN5Q==
  
  "@esbuild/linux-ppc64@0.19.8":
    version "0.19.8"
    resolved "https://registry.yarnpkg.com/@esbuild/linux-ppc64/-/linux-ppc64-0.19.8.tgz#9ba436addc1646dc89dae48c62d3e951ffe70951"
    integrity sha512-ETaW6245wK23YIEufhMQ3HSeHO7NgsLx8gygBVldRHKhOlD1oNeNy/P67mIh1zPn2Hr2HLieQrt6tWrVwuqrxg==
  
  "@esbuild/linux-riscv64@0.19.8":
    version "0.19.8"
    resolved "https://registry.yarnpkg.com/@esbuild/linux-riscv64/-/linux-riscv64-0.19.8.tgz#fbcf0c3a0b20f40b5fc31c3b7695f0769f9de66b"
    integrity sha512-T2DRQk55SgoleTP+DtPlMrxi/5r9AeFgkhkZ/B0ap99zmxtxdOixOMI570VjdRCs9pE4Wdkz7JYrsPvsl7eESg==
  
  "@esbuild/linux-s390x@0.19.8":
    version "0.19.8"
    resolved "https://registry.yarnpkg.com/@esbuild/linux-s390x/-/linux-s390x-0.19.8.tgz#989e8a05f7792d139d5564ffa7ff898ac6f20a4a"
    integrity sha512-NPxbdmmo3Bk7mbNeHmcCd7R7fptJaczPYBaELk6NcXxy7HLNyWwCyDJ/Xx+/YcNH7Im5dHdx9gZ5xIwyliQCbg==
  
  "@esbuild/linux-x64@0.19.8":
    version "0.19.8"
    resolved "https://registry.yarnpkg.com/@esbuild/linux-x64/-/linux-x64-0.19.8.tgz#b187295393a59323397fe5ff51e769ec4e72212b"
    integrity sha512-lytMAVOM3b1gPypL2TRmZ5rnXl7+6IIk8uB3eLsV1JwcizuolblXRrc5ShPrO9ls/b+RTp+E6gbsuLWHWi2zGg==
  
  "@esbuild/netbsd-x64@0.19.8":
    version "0.19.8"
    resolved "https://registry.yarnpkg.com/@esbuild/netbsd-x64/-/netbsd-x64-0.19.8.tgz#c1ec0e24ea82313cb1c7bae176bd5acd5bde7137"
    integrity sha512-hvWVo2VsXz/8NVt1UhLzxwAfo5sioj92uo0bCfLibB0xlOmimU/DeAEsQILlBQvkhrGjamP0/el5HU76HAitGw==
  
  "@esbuild/openbsd-x64@0.19.8":
    version "0.19.8"
    resolved "https://registry.yarnpkg.com/@esbuild/openbsd-x64/-/openbsd-x64-0.19.8.tgz#0c5b696ac66c6d70cf9ee17073a581a28af9e18d"
    integrity sha512-/7Y7u77rdvmGTxR83PgaSvSBJCC2L3Kb1M/+dmSIvRvQPXXCuC97QAwMugBNG0yGcbEGfFBH7ojPzAOxfGNkwQ==
  
  "@esbuild/sunos-x64@0.19.8":
    version "0.19.8"
    resolved "https://registry.yarnpkg.com/@esbuild/sunos-x64/-/sunos-x64-0.19.8.tgz#2a697e1f77926ff09fcc457d8f29916d6cd48fb1"
    integrity sha512-9Lc4s7Oi98GqFA4HzA/W2JHIYfnXbUYgekUP/Sm4BG9sfLjyv6GKKHKKVs83SMicBF2JwAX6A1PuOLMqpD001w==
  
  "@esbuild/win32-arm64@0.19.8":
    version "0.19.8"
    resolved "https://registry.yarnpkg.com/@esbuild/win32-arm64/-/win32-arm64-0.19.8.tgz#ec029e62a2fca8c071842ecb1bc5c2dd20b066f1"
    integrity sha512-rq6WzBGjSzihI9deW3fC2Gqiak68+b7qo5/3kmB6Gvbh/NYPA0sJhrnp7wgV4bNwjqM+R2AApXGxMO7ZoGhIJg==
  
  "@esbuild/win32-ia32@0.19.8":
    version "0.19.8"
    resolved "https://registry.yarnpkg.com/@esbuild/win32-ia32/-/win32-ia32-0.19.8.tgz#cbb9a3146bde64dc15543e48afe418c7a3214851"
    integrity sha512-AIAbverbg5jMvJznYiGhrd3sumfwWs8572mIJL5NQjJa06P8KfCPWZQ0NwZbPQnbQi9OWSZhFVSUWjjIrn4hSw==
  
  "@esbuild/win32-x64@0.19.8":
    version "0.19.8"
    resolved "https://registry.yarnpkg.com/@esbuild/win32-x64/-/win32-x64-0.19.8.tgz#c8285183dbdb17008578dbacb6e22748709b4822"
    integrity sha512-bfZ0cQ1uZs2PqpulNL5j/3w+GDhP36k1K5c38QdQg+Swy51jFZWWeIkteNsufkQxp986wnqRRsb/bHbY1WQ7TA==
  
  "@iconify/types@^2.0.0":
    version "2.0.0"
    resolved "https://registry.yarnpkg.com/@iconify/types/-/types-2.0.0.tgz#ab0e9ea681d6c8a1214f30cd741fe3a20cc57f57"
    integrity sha512-+wluvCrRhXrhyOmRDJ3q8mux9JkKy5SJ/v8ol2tu4FVjyYvtEzkc/3pK15ET6RKg4b4w4BmTk1+gsCUhf21Ykg==
  
  "@iconify/utils@^2.1.11":
    version "2.1.12"
    resolved "https://registry.yarnpkg.com/@iconify/utils/-/utils-2.1.12.tgz#4ce2a1996e2b2851d880b231059ae20e11f6cbc0"
    integrity sha512-7vf3Uk6H7TKX4QMs2gbg5KR1X9J0NJzKSRNWhMZ+PWN92l0t6Q3tj2ZxLDG07rC3ppWBtTtA4FPmkQphuEmdsg==
    dependencies:
      "@antfu/install-pkg" "^0.1.1"
      "@antfu/utils" "^0.7.5"
      "@iconify/types" "^2.0.0"
      debug "^4.3.4"
      kolorist "^1.8.0"
      local-pkg "^0.4.3"
  
  "@jridgewell/gen-mapping@^0.3.0", "@jridgewell/gen-mapping@^0.3.2":
    version "0.3.3"
    resolved "https://registry.yarnpkg.com/@jridgewell/gen-mapping/-/gen-mapping-0.3.3.tgz#7e02e6eb5df901aaedb08514203b096614024098"
    integrity sha512-HLhSWOLRi875zjjMG/r+Nv0oCW8umGb0BgEhyX3dDX3egwZtB8PqLnjz3yedt8R5StBrzcg4aBpnh8UA9D1BoQ==
    dependencies:
      "@jridgewell/set-array" "^1.0.1"
      "@jridgewell/sourcemap-codec" "^1.4.10"
      "@jridgewell/trace-mapping" "^0.3.9"
  
  "@jridgewell/resolve-uri@^3.1.0":
    version "3.1.1"
    resolved "https://registry.yarnpkg.com/@jridgewell/resolve-uri/-/resolve-uri-3.1.1.tgz#c08679063f279615a3326583ba3a90d1d82cc721"
    integrity sha512-dSYZh7HhCDtCKm4QakX0xFpsRDqjjtZf/kjI/v3T3Nwt5r8/qz/M19F9ySyOqU94SXBmeG9ttTul+YnR4LOxFA==
  
  "@jridgewell/set-array@^1.0.1":
    version "1.1.2"
    resolved "https://registry.yarnpkg.com/@jridgewell/set-array/-/set-array-1.1.2.tgz#7c6cf998d6d20b914c0a55a91ae928ff25965e72"
    integrity sha512-xnkseuNADM0gt2bs+BvhO0p78Mk762YnZdsuzFV018NoG1Sj1SCQvpSqa7XUaTam5vAGasABV9qXASMKnFMwMw==
  
  "@jridgewell/sourcemap-codec@^1.4.10", "@jridgewell/sourcemap-codec@^1.4.14", "@jridgewell/sourcemap-codec@^1.4.15":
    version "1.4.15"
    resolved "https://registry.yarnpkg.com/@jridgewell/sourcemap-codec/-/sourcemap-codec-1.4.15.tgz#d7c6e6755c78567a951e04ab52ef0fd26de59f32"
    integrity sha512-eF2rxCRulEKXHTRiDrDy6erMYWqNw4LPdQ8UQA4huuxaQsVeRPFl2oM8oDGxMFhJUWZf9McpLtJasDDZb/Bpeg==
  
  "@jridgewell/trace-mapping@^0.3.17", "@jridgewell/trace-mapping@^0.3.9":
    version "0.3.20"
    resolved "https://registry.yarnpkg.com/@jridgewell/trace-mapping/-/trace-mapping-0.3.20.tgz#72e45707cf240fa6b081d0366f8265b0cd10197f"
    integrity sha512-R8LcPeWZol2zR8mmH3JeKQ6QRCFb7XgUhV9ZlGhHLGyg4wpPiPZNQOOWhFZhxKw8u//yTbNGI42Bx/3paXEQ+Q==
    dependencies:
      "@jridgewell/resolve-uri" "^3.1.0"
      "@jridgewell/sourcemap-codec" "^1.4.14"
  
  "@meoc/utils@^0.2.5":
    version "0.2.8"
    resolved "https://registry.yarnpkg.com/@meoc/utils/-/utils-0.2.8.tgz#c10da3d0b086e2f89dfc2eda2528dde002a161eb"
    integrity sha512-SogV9QQpK05CVO3Gz071fRFH/PbbXxCP566VYOs/ux62RTuTbfAVeT8jkiYfzBpg+ImqpKkkK6o6tcbGM0rESQ==
    dependencies:
      dayjs "^1.11.10"
  
  "@nodelib/fs.scandir@2.1.5":
    version "2.1.5"
    resolved "https://registry.yarnpkg.com/@nodelib/fs.scandir/-/fs.scandir-2.1.5.tgz#7619c2eb21b25483f6d167548b4cfd5a7488c3d5"
    integrity sha512-vq24Bq3ym5HEQm2NKCr3yXDwjc7vTsEThRDnkp2DK9p1uqLR+DHurm/NOTo0KG7HYHU7eppKZj3MyqYuMBf62g==
    dependencies:
      "@nodelib/fs.stat" "2.0.5"
      run-parallel "^1.1.9"
  
  "@nodelib/fs.stat@2.0.5", "@nodelib/fs.stat@^2.0.2":
    version "2.0.5"
    resolved "https://registry.yarnpkg.com/@nodelib/fs.stat/-/fs.stat-2.0.5.tgz#5bd262af94e9d25bd1e71b05deed44876a222e8b"
    integrity sha512-RkhPPp2zrqDAQA/2jNhnztcPAlv64XdhIp7a7454A5ovI7Bukxgt7MX7udwAu3zg1DcpPU0rz3VV1SeaqvY4+A==
  
  "@nodelib/fs.walk@^1.2.3":
    version "1.2.8"
    resolved "https://registry.yarnpkg.com/@nodelib/fs.walk/-/fs.walk-1.2.8.tgz#e95737e8bb6746ddedf69c556953494f196fe69a"
    integrity sha512-oGB+UxlgWcgQkgwo8GcEGwemoTFt3FIO9ababBmaGwXIoBKZ+GTy0pP185beGg7Llih/NSHSV2XAs1lnznocSg==
    dependencies:
      "@nodelib/fs.scandir" "2.1.5"
      fastq "^1.6.0"
  
  "@polka/url@^1.0.0-next.20":
    version "1.0.0-next.23"
    resolved "https://registry.yarnpkg.com/@polka/url/-/url-1.0.0-next.23.tgz#498e41218ab3b6a1419c735e5c6ae2c5ed609b6c"
    integrity sha512-C16M+IYz0rgRhWZdCmK+h58JMv8vijAA61gmz2rspCSwKwzBebpdcsiUmwrtJRdphuY30i6BSLEOP8ppbNLyLg==
  
  "@rollup/pluginutils@^5.0.2", "@rollup/pluginutils@^5.0.5":
    version "5.1.0"
    resolved "https://registry.yarnpkg.com/@rollup/pluginutils/-/pluginutils-5.1.0.tgz#7e53eddc8c7f483a4ad0b94afb1f7f5fd3c771e0"
    integrity sha512-XTIWOPPcpvyKI6L1NHo0lFlCyznUEyPmPY1mc3KpPVDYulHSTvyeLNVW00QTLIAFNhR3kYnJTQHeGqU4M3n09g==
    dependencies:
      "@types/estree" "^1.0.0"
      estree-walker "^2.0.2"
      picomatch "^2.3.1"
  
  "@rollup/rollup-android-arm-eabi@4.6.1":
    version "4.6.1"
    resolved "https://registry.yarnpkg.com/@rollup/rollup-android-arm-eabi/-/rollup-android-arm-eabi-4.6.1.tgz#0ea289f68ff248b50fea5716ca9f65f7d4dba3ae"
    integrity sha512-0WQ0ouLejaUCRsL93GD4uft3rOmB8qoQMU05Kb8CmMtMBe7XUDLAltxVZI1q6byNqEtU7N1ZX1Vw5lIpgulLQA==
  
  "@rollup/rollup-android-arm64@4.6.1":
    version "4.6.1"
    resolved "https://registry.yarnpkg.com/@rollup/rollup-android-arm64/-/rollup-android-arm64-4.6.1.tgz#27c8c67fc5de574874085a1b480ac65b3e18378e"
    integrity sha512-1TKm25Rn20vr5aTGGZqo6E4mzPicCUD79k17EgTLAsXc1zysyi4xXKACfUbwyANEPAEIxkzwue6JZ+stYzWUTA==
  
  "@rollup/rollup-darwin-arm64@4.6.1":
    version "4.6.1"
    resolved "https://registry.yarnpkg.com/@rollup/rollup-darwin-arm64/-/rollup-darwin-arm64-4.6.1.tgz#c5735c042980c85495411af7183dd20294763bd8"
    integrity sha512-cEXJQY/ZqMACb+nxzDeX9IPLAg7S94xouJJCNVE5BJM8JUEP4HeTF+ti3cmxWeSJo+5D+o8Tc0UAWUkfENdeyw==
  
  "@rollup/rollup-darwin-x64@4.6.1":
    version "4.6.1"
    resolved "https://registry.yarnpkg.com/@rollup/rollup-darwin-x64/-/rollup-darwin-x64-4.6.1.tgz#af844bd54abb73ca3c9cf89a31eec17861d1375d"
    integrity sha512-LoSU9Xu56isrkV2jLldcKspJ7sSXmZWkAxg7sW/RfF7GS4F5/v4EiqKSMCFbZtDu2Nc1gxxFdQdKwkKS4rwxNg==
  
  "@rollup/rollup-linux-arm-gnueabihf@4.6.1":
    version "4.6.1"
    resolved "https://registry.yarnpkg.com/@rollup/rollup-linux-arm-gnueabihf/-/rollup-linux-arm-gnueabihf-4.6.1.tgz#5e972f63c441eaf859551039b3f18db9b035977d"
    integrity sha512-EfI3hzYAy5vFNDqpXsNxXcgRDcFHUWSx5nnRSCKwXuQlI5J9dD84g2Usw81n3FLBNsGCegKGwwTVsSKK9cooSQ==
  
  "@rollup/rollup-linux-arm64-gnu@4.6.1":
    version "4.6.1"
    resolved "https://registry.yarnpkg.com/@rollup/rollup-linux-arm64-gnu/-/rollup-linux-arm64-gnu-4.6.1.tgz#f4cfbc71e3b6fdb395b28b1472414e181515c72d"
    integrity sha512-9lhc4UZstsegbNLhH0Zu6TqvDfmhGzuCWtcTFXY10VjLLUe4Mr0Ye2L3rrtHaDd/J5+tFMEuo5LTCSCMXWfUKw==
  
  "@rollup/rollup-linux-arm64-musl@4.6.1":
    version "4.6.1"
    resolved "https://registry.yarnpkg.com/@rollup/rollup-linux-arm64-musl/-/rollup-linux-arm64-musl-4.6.1.tgz#6a94c691830dc29bf708de7c640f494996130893"
    integrity sha512-FfoOK1yP5ksX3wwZ4Zk1NgyGHZyuRhf99j64I5oEmirV8EFT7+OhUZEnP+x17lcP/QHJNWGsoJwrz4PJ9fBEXw==
  
  "@rollup/rollup-linux-x64-gnu@4.6.1":
    version "4.6.1"
    resolved "https://registry.yarnpkg.com/@rollup/rollup-linux-x64-gnu/-/rollup-linux-x64-gnu-4.6.1.tgz#f07bae3f7dc532d9ea5ab36c9071db329f9a1efb"
    integrity sha512-DNGZvZDO5YF7jN5fX8ZqmGLjZEXIJRdJEdTFMhiyXqyXubBa0WVLDWSNlQ5JR2PNgDbEV1VQowhVRUh+74D+RA==
  
  "@rollup/rollup-linux-x64-musl@4.6.1":
    version "4.6.1"
    resolved "https://registry.yarnpkg.com/@rollup/rollup-linux-x64-musl/-/rollup-linux-x64-musl-4.6.1.tgz#357a34fdbf410af88ce48bd802bea6462bb9a8bc"
    integrity sha512-RkJVNVRM+piYy87HrKmhbexCHg3A6Z6MU0W9GHnJwBQNBeyhCJG9KDce4SAMdicQnpURggSvtbGo9xAWOfSvIQ==
  
  "@rollup/rollup-win32-arm64-msvc@4.6.1":
    version "4.6.1"
    resolved "https://registry.yarnpkg.com/@rollup/rollup-win32-arm64-msvc/-/rollup-win32-arm64-msvc-4.6.1.tgz#b6e97fd38281667e35297033393cd1101f4a31be"
    integrity sha512-v2FVT6xfnnmTe3W9bJXl6r5KwJglMK/iRlkKiIFfO6ysKs0rDgz7Cwwf3tjldxQUrHL9INT/1r4VA0n9L/F1vQ==
  
  "@rollup/rollup-win32-ia32-msvc@4.6.1":
    version "4.6.1"
    resolved "https://registry.yarnpkg.com/@rollup/rollup-win32-ia32-msvc/-/rollup-win32-ia32-msvc-4.6.1.tgz#a95db026c640c8128bfd38546d85342f2329beaf"
    integrity sha512-YEeOjxRyEjqcWphH9dyLbzgkF8wZSKAKUkldRY6dgNR5oKs2LZazqGB41cWJ4Iqqcy9/zqYgmzBkRoVz3Q9MLw==
  
  "@rollup/rollup-win32-x64-msvc@4.6.1":
    version "4.6.1"
    resolved "https://registry.yarnpkg.com/@rollup/rollup-win32-x64-msvc/-/rollup-win32-x64-msvc-4.6.1.tgz#45785b5caf83200a34a9867ba50d69560880c120"
    integrity sha512-0zfTlFAIhgz8V2G8STq8toAjsYYA6eci1hnXuyOTUFnymrtJwnS6uGKiv3v5UrPZkBlamLvrLV2iiaeqCKzb0A==
  
  "@types/estree@^1.0.0":
    version "1.0.5"
    resolved "https://registry.yarnpkg.com/@types/estree/-/estree-1.0.5.tgz#a6ce3e556e00fd9895dd872dd172ad0d4bd687f4"
    integrity sha512-/kYRxGDLWzHOB7q+wtSUQlFrtcdUccpfy+X+9iMBpHK8QLLhx2wIPYuS5DYtR9Wa/YlZAbIovy7qVdB1Aq6Lyw==
  
  "@types/json-schema@^7.0.8":
    version "7.0.15"
    resolved "https://registry.npmjs.org/@types/json-schema/-/json-schema-7.0.15.tgz"
    integrity sha512-5+fP8P8MFNC+AyZCDxrB2pkZFPGzqQWUzpSeuuVLvm8VMcorNYavBqoFcxK8bQz4Qsbn4oUEEem4wDLfcysGHA==
  
  "@unocss/astro@0.57.7":
    version "0.57.7"
    resolved "https://registry.yarnpkg.com/@unocss/astro/-/astro-0.57.7.tgz#f2fdaff8242fc86d4c9f8984c11e596dc93421e4"
    integrity sha512-X4KSBdrAADdtS4x7xz02b016xpRDt9mD/d/oq23HyZAZ+sZc4oZs8el9MLSUJgu2okdWzAE62lRRV/oc4HWI1A==
    dependencies:
      "@unocss/core" "0.57.7"
      "@unocss/reset" "0.57.7"
      "@unocss/vite" "0.57.7"
  
  "@unocss/cli@0.57.7":
    version "0.57.7"
    resolved "https://registry.yarnpkg.com/@unocss/cli/-/cli-0.57.7.tgz#506a62e4b7bd9f1f21a7cb138fc43cdcfc9d9047"
    integrity sha512-FZHTTBYyibySpBEPbA/ilDzI4v4Uy/bROItEYogZkpXNoCLzlclX+UcuFBXXLt6VFJk4WjLNFLRSQlVcCUUOLA==
    dependencies:
      "@ampproject/remapping" "^2.2.1"
      "@rollup/pluginutils" "^5.0.5"
      "@unocss/config" "0.57.7"
      "@unocss/core" "0.57.7"
      "@unocss/preset-uno" "0.57.7"
      cac "^6.7.14"
      chokidar "^3.5.3"
      colorette "^2.0.20"
      consola "^3.2.3"
      fast-glob "^3.3.2"
      magic-string "^0.30.5"
      pathe "^1.1.1"
      perfect-debounce "^1.0.0"
  
  "@unocss/config@0.57.7":
    version "0.57.7"
    resolved "https://registry.yarnpkg.com/@unocss/config/-/config-0.57.7.tgz#e31c3514759d21610e7c901e52d521b87cf3024e"
    integrity sha512-UG8G9orWEdk/vyDvGUToXYn/RZy/Qjpx66pLsaf5wQK37hkYsBoReAU5v8Ia/6PL1ueJlkcNXLaNpN6/yVoJvg==
    dependencies:
      "@unocss/core" "0.57.7"
      unconfig "^0.3.11"
  
  "@unocss/core@0.57.7", "@unocss/core@^0.57.4", "@unocss/core@^0.57.7":
    version "0.57.7"
    resolved "https://registry.yarnpkg.com/@unocss/core/-/core-0.57.7.tgz#4fe79e3d7327d5f25de0f82b80567fd8f5f82602"
    integrity sha512-1d36M0CV3yC80J0pqOa5rH1BX6g2iZdtKmIb3oSBN4AWnMCSrrJEPBrUikyMq2TEQTrYWJIVDzv5A9hBUat3TA==
  
  "@unocss/extractor-arbitrary-variants@0.57.7", "@unocss/extractor-arbitrary-variants@^0.57.4":
    version "0.57.7"
    resolved "https://registry.yarnpkg.com/@unocss/extractor-arbitrary-variants/-/extractor-arbitrary-variants-0.57.7.tgz#04ee5d5a840e5cf6f0eba8c904124fb1442ab4fd"
    integrity sha512-JdyhPlsgS0x4zoF8WYXDcusPcpU4ysE6Rkkit4a9+xUZEvg7vy7InH6PQ8dL8B9oY7pbxF7G6eFguUDpv9xx4Q==
    dependencies:
      "@unocss/core" "0.57.7"
  
  "@unocss/inspector@0.57.7":
    version "0.57.7"
    resolved "https://registry.yarnpkg.com/@unocss/inspector/-/inspector-0.57.7.tgz#c28db3df43a4d7cece852c109b9bc296a52ee5d2"
    integrity sha512-b9ckqn5aRsmhTdXJ5cPMKDKuNRe+825M+s9NbYcTjENnP6ellUFZo91sYF5S+LeATmU12TcwJZ83NChF4HpBSA==
    dependencies:
      "@unocss/core" "0.57.7"
      "@unocss/rule-utils" "0.57.7"
      gzip-size "^6.0.0"
      sirv "^2.0.3"
  
  "@unocss/postcss@0.57.7":
    version "0.57.7"
    resolved "https://registry.yarnpkg.com/@unocss/postcss/-/postcss-0.57.7.tgz#df0052a24dade57c0701984f5f444e9d7602ecc8"
    integrity sha512-13c9p5ecTvYa6inDky++8dlVuxQ0JuKaKW5A0NW3XuJ3Uz1t8Pguji+NAUddfTYEFF6GHu47L3Aac7vpI8pMcQ==
    dependencies:
      "@unocss/config" "0.57.7"
      "@unocss/core" "0.57.7"
      "@unocss/rule-utils" "0.57.7"
      css-tree "^2.3.1"
      fast-glob "^3.3.2"
      magic-string "^0.30.5"
      postcss "^8.4.31"
  
  "@unocss/preset-attributify@0.57.7":
    version "0.57.7"
    resolved "https://registry.yarnpkg.com/@unocss/preset-attributify/-/preset-attributify-0.57.7.tgz#ffca52114329c9a13b668049f2fcada645f56d1d"
    integrity sha512-vUqfwUokNHt1FJXIuVyj2Xze9LfJdLAy62h79lNyyEISZmiDF4a4hWTKLBe0d6Kyfr33DyXMmkLp57t5YW0V3A==
    dependencies:
      "@unocss/core" "0.57.7"
  
  "@unocss/preset-icons@0.57.7":
    version "0.57.7"
    resolved "https://registry.yarnpkg.com/@unocss/preset-icons/-/preset-icons-0.57.7.tgz#8465a439ea8a667cb7c88f741d71167a698a4195"
    integrity sha512-s3AelKCS9CL1ArP1GanYv0XxxPrcFi+XOuQoQCwCRHDo2CiBEq3fLLMIhaUCFEWGtIy7o7wLeL5BRjMvJ2QnMg==
    dependencies:
      "@iconify/utils" "^2.1.11"
      "@unocss/core" "0.57.7"
      ofetch "^1.3.3"
  
  "@unocss/preset-mini@0.57.7":
    version "0.57.7"
    resolved "https://registry.yarnpkg.com/@unocss/preset-mini/-/preset-mini-0.57.7.tgz#08b801d5dd377b2056116c3c4568f3ab727f3a5b"
    integrity sha512-YPmmh+ZIg4J7/nPMfvzD1tOfUFD+8KEFXX9ISRteooflYeosn2YytGW66d/sq97AZos9N630FJ//DvPD2wfGwA==
    dependencies:
      "@unocss/core" "0.57.7"
      "@unocss/extractor-arbitrary-variants" "0.57.7"
      "@unocss/rule-utils" "0.57.7"
  
  "@unocss/preset-tagify@0.57.7":
    version "0.57.7"
    resolved "https://registry.yarnpkg.com/@unocss/preset-tagify/-/preset-tagify-0.57.7.tgz#56eb7f2bb15a85b116a1370f5eff9f9cf73a8967"
    integrity sha512-va25pTJ5OtbqCHFBIj8myVk0PwuSucUqTx840r/YSHka0P9th6UGRS1LU30OUgjgr7FhLaWXtJMN4gkCUtQSoA==
    dependencies:
      "@unocss/core" "0.57.7"
  
  "@unocss/preset-typography@0.57.7":
    version "0.57.7"
    resolved "https://registry.yarnpkg.com/@unocss/preset-typography/-/preset-typography-0.57.7.tgz#a888f740ba1f5dd553b1a4df4eec98f85079e85e"
    integrity sha512-1QuoLhqHVRs+baaVvfH54JxmJhVuBp5jdVw3HCN/vXs1CSnq2Rm/C/+PahcnQg/KLtoW6MgK5S+/hU9TCxGRVQ==
    dependencies:
      "@unocss/core" "0.57.7"
      "@unocss/preset-mini" "0.57.7"
  
  "@unocss/preset-uno@0.57.7":
    version "0.57.7"
    resolved "https://registry.yarnpkg.com/@unocss/preset-uno/-/preset-uno-0.57.7.tgz#0b9b4d7ad87b4765743ff658ffba4981d23b5648"
    integrity sha512-yRKvRBaPLmDSUZet5WnV1WNb3BV4EFwvB1Zbvlc3lyVp6uCksP/SYlxuUwht7JefOrfiY2sGugoBxZTyGmj/kQ==
    dependencies:
      "@unocss/core" "0.57.7"
      "@unocss/preset-mini" "0.57.7"
      "@unocss/preset-wind" "0.57.7"
      "@unocss/rule-utils" "0.57.7"
  
  "@unocss/preset-web-fonts@0.57.7":
    version "0.57.7"
    resolved "https://registry.yarnpkg.com/@unocss/preset-web-fonts/-/preset-web-fonts-0.57.7.tgz#ac98f20b49ba6044982519100eaf676d9dab8923"
    integrity sha512-wBPej5GeYb0D/xjMdMmpH6k/3Oe1ujx9DJys2/gtvl/rsBZpSkoWcnl+8Z3bAhooDnwL2gkJCIlpuDiRNtKvGA==
    dependencies:
      "@unocss/core" "0.57.7"
      ofetch "^1.3.3"
  
  "@unocss/preset-wind@0.57.7":
    version "0.57.7"
    resolved "https://registry.yarnpkg.com/@unocss/preset-wind/-/preset-wind-0.57.7.tgz#d48abee91562e090a73de7d1257f725cde665905"
    integrity sha512-olQ6+w0fQ84eEC1t7SF4vJyKcyawkDWSRF5YufOqeQZL3zjqBzMQi+3PUlKCstrDO1DNZ3qdcwg1vPHRmuX9VA==
    dependencies:
      "@unocss/core" "0.57.7"
      "@unocss/preset-mini" "0.57.7"
      "@unocss/rule-utils" "0.57.7"
  
  "@unocss/reset@0.57.7":
    version "0.57.7"
    resolved "https://registry.yarnpkg.com/@unocss/reset/-/reset-0.57.7.tgz#e5a09fa9289a47db2f5b030cfc547ea641ad298c"
    integrity sha512-oN9024WVrMewGbornnAPIpzHeKPIfVmZ5IsZGilWR761TnI5jTjHUkswsVoFx7tZdpCN2/bqS3JK/Ah0aot3NQ==
  
  "@unocss/rule-utils@0.57.7", "@unocss/rule-utils@^0.57.4":
    version "0.57.7"
    resolved "https://registry.yarnpkg.com/@unocss/rule-utils/-/rule-utils-0.57.7.tgz#042e4ebea471242577fdc4b2a0613e382ae9d79a"
    integrity sha512-gLqbKTIetvRynLkhonu1znr+bmWnw+Cl3dFVNgZPGjiqGHd78PGS0gXQKvzuyN0iO2ADub1A7GlCWs826iEHjA==
    dependencies:
      "@unocss/core" "^0.57.7"
      magic-string "^0.30.5"
  
  "@unocss/scope@0.57.7":
    version "0.57.7"
    resolved "https://registry.yarnpkg.com/@unocss/scope/-/scope-0.57.7.tgz#f994050d171f99a9289518abfdc4e8140115dc4c"
    integrity sha512-pqWbKXcrTJ2ovVRTYFLnUX5ryEhdSXp7YfyBQT3zLtQb4nQ2XZcLTvGdWo7F+9jZ09yP7NdHscBLkeWgx+mVgw==
  
  "@unocss/transformer-attributify-jsx-babel@0.57.7":
    version "0.57.7"
    resolved "https://registry.yarnpkg.com/@unocss/transformer-attributify-jsx-babel/-/transformer-attributify-jsx-babel-0.57.7.tgz#d0983e35f69510676af97b486c168aadbca62980"
    integrity sha512-CqxTiT5ikOC6R/HNyBcCIVYUfeazqRbsw7X4hYKmGHO7QsnaKQFWZTpj+sSDRh3oHq+IDtcD6KB2anTEffEQNA==
    dependencies:
      "@babel/core" "^7.23.3"
      "@babel/plugin-syntax-jsx" "^7.23.3"
      "@babel/preset-typescript" "^7.23.3"
      "@unocss/core" "0.57.7"
  
  "@unocss/transformer-attributify-jsx@0.57.7":
    version "0.57.7"
    resolved "https://registry.yarnpkg.com/@unocss/transformer-attributify-jsx/-/transformer-attributify-jsx-0.57.7.tgz#748f90e826f17881d824f637eb9871848bee129e"
    integrity sha512-FpCJM+jDN4Kyp7mMMN41tTWEq6pHKAXAyJoW1GwhYw6lLu9cwyXnne6t7rQ11EPU95Z2cIEMpIJo8reDkDaiPg==
    dependencies:
      "@unocss/core" "0.57.7"
  
  "@unocss/transformer-compile-class@0.57.7":
    version "0.57.7"
    resolved "https://registry.yarnpkg.com/@unocss/transformer-compile-class/-/transformer-compile-class-0.57.7.tgz#ae37cadd1ca9d4055de2d7bff4c1f9814e4c955a"
    integrity sha512-D+PyD7IOXUm/lzzoCt/yon0Gh1fIK9iKeSBvB6/BREF/ejscNzQ/ia0Pq0pid2cVvOULCSo0z2sO9zljsQtv9A==
    dependencies:
      "@unocss/core" "0.57.7"
  
  "@unocss/transformer-directives@0.57.7":
    version "0.57.7"
    resolved "https://registry.yarnpkg.com/@unocss/transformer-directives/-/transformer-directives-0.57.7.tgz#1ad91a7bf92073dc0877ae29a064541c707db15d"
    integrity sha512-m0n7WqU3o+1Vyh1uaeU7H4u5gJqakkRqZqTq3MR3xLCSVfORJ/5XO8r+t6VUkJtaLxcIrtYE2geAbwmGV3zSKA==
    dependencies:
      "@unocss/core" "0.57.7"
      "@unocss/rule-utils" "0.57.7"
      css-tree "^2.3.1"
  
  "@unocss/transformer-variant-group@0.57.7":
    version "0.57.7"
    resolved "https://registry.yarnpkg.com/@unocss/transformer-variant-group/-/transformer-variant-group-0.57.7.tgz#f4b2e3727fb23a5af1a3ca94c5d50a1d27d440f6"
    integrity sha512-O5L5Za0IZtOWd2R66vy0k07pLlB9rCIybmUommUqKWpvd1n/pg8czQ5EkmNDprINvinKObVlGVuY4Uq/JsLM0A==
    dependencies:
      "@unocss/core" "0.57.7"
  
  "@unocss/vite@0.57.7":
    version "0.57.7"
    resolved "https://registry.yarnpkg.com/@unocss/vite/-/vite-0.57.7.tgz#13d1979d5585e79c7bfb622fdde792a02b23ddcc"
    integrity sha512-SbJrRgfc35MmgMBlHaEK4YpJVD2B0bmxH9PVgHRuDae/hOEOG0VqNP0f2ijJtX9HG3jOpQVlbEoGnUo8jsZtsw==
    dependencies:
      "@ampproject/remapping" "^2.2.1"
      "@rollup/pluginutils" "^5.0.5"
      "@unocss/config" "0.57.7"
      "@unocss/core" "0.57.7"
      "@unocss/inspector" "0.57.7"
      "@unocss/scope" "0.57.7"
      "@unocss/transformer-directives" "0.57.7"
      chokidar "^3.5.3"
      fast-glob "^3.3.2"
      magic-string "^0.30.5"
  
  acorn@^8.10.0, acorn@^8.11.2, acorn@^8.9.0:
    version "8.11.2"
    resolved "https://registry.yarnpkg.com/acorn/-/acorn-8.11.2.tgz#ca0d78b51895be5390a5903c5b3bdcdaf78ae40b"
    integrity sha512-nc0Axzp/0FILLEVsm4fNwLCwMttvhEI263QtVPQcbpfZZ3ts0hLsZGOpE6czNlid7CJ9MlyH8reXkpsf3YUY4w==
  
  ajv-keywords@^3.5.2:
    version "3.5.2"
    resolved "https://registry.npmjs.org/ajv-keywords/-/ajv-keywords-3.5.2.tgz"
    integrity sha512-5p6WTN0DdTGVQk6VjcEju19IgaHudalcfabD7yhDGeA6bcQnmL+CpveLJq/3hvfwd1aof6L386Ougkx6RfyMIQ==
  
  ajv@^6.12.5:
    version "6.12.6"
    resolved "https://registry.npmjs.org/ajv/-/ajv-6.12.6.tgz"
    integrity sha512-j3fVLgvTo527anyYyJOGTYJbG+vnnQYvE0m5mmkc1TK+nxAppkCLMIL0aZ4dblVCNoGShhm+kzE4ZUykBoMg4g==
    dependencies:
      fast-deep-equal "^3.1.1"
      fast-json-stable-stringify "^2.0.0"
      json-schema-traverse "^0.4.1"
      uri-js "^4.2.2"
  
  ansi-styles@^3.2.1:
    version "3.2.1"
    resolved "https://registry.yarnpkg.com/ansi-styles/-/ansi-styles-3.2.1.tgz#41fbb20243e50b12be0f04b8dedbf07520ce841d"
    integrity sha512-VT0ZI6kZRdTh8YyJw3SMbYm/u+NqfsAxEpWO0Pf9sq8/e94WxxOpPKx9FR1FlyCtOVDNOQ+8ntlqFxiRc+r5qA==
    dependencies:
      color-convert "^1.9.0"
  
  anymatch@~3.1.2:
    version "3.1.3"
    resolved "https://registry.npmjs.org/anymatch/-/anymatch-3.1.3.tgz"
    integrity sha512-KMReFUr0B4t+D+OBkjR3KYqvocp2XaSzO55UcB6mgQMd3KbcE+mWTyvVV7D/zsdEbNnV6acZUutkiHQXvTr1Rw==
    dependencies:
      normalize-path "^3.0.0"
      picomatch "^2.0.4"
  
  big.js@^5.2.2:
    version "5.2.2"
    resolved "https://registry.npmjs.org/big.js/-/big.js-5.2.2.tgz"
    integrity sha512-vyL2OymJxmarO8gxMr0mhChsO9QGwhynfuu4+MHTAW6czfq9humCB7rKpUjDd9YUiDPU4mzpyupFSvOClAwbmQ==
  
  binary-extensions@^2.0.0:
    version "2.2.0"
    resolved "https://registry.npmjs.org/binary-extensions/-/binary-extensions-2.2.0.tgz"
    integrity sha512-jDctJ/IVQbZoJykoeHbhXpOlNBqGNcwXJKJog42E5HDPUwQTSdjCHdihjj0DlnheQ7blbT6dHOafNAiS8ooQKA==
  
  braces@^3.0.2, braces@~3.0.2:
    version "3.0.2"
    resolved "https://registry.npmjs.org/braces/-/braces-3.0.2.tgz"
    integrity sha512-b8um+L1RzM3WDSzvhm6gIz1yfTbBt6YTlcEKAvsmqCZZFw46z626lVj9j1yEPW33H5H+lBQpZMP1k8l+78Ha0A==
    dependencies:
      fill-range "^7.0.1"
  
  browserslist@^4.21.9:
    version "4.22.1"
    resolved "https://registry.yarnpkg.com/browserslist/-/browserslist-4.22.1.tgz#ba91958d1a59b87dab6fed8dfbcb3da5e2e9c619"
    integrity sha512-FEVc202+2iuClEhZhrWy6ZiAcRLvNMyYcxZ8raemul1DYVOVdFsbqckWLdsixQZCpJlwe77Z3UTalE7jsjnKfQ==
    dependencies:
      caniuse-lite "^1.0.30001541"
      electron-to-chromium "^1.4.535"
      node-releases "^2.0.13"
      update-browserslist-db "^1.0.13"
  
  cac@^6.7.14:
    version "6.7.14"
    resolved "https://registry.yarnpkg.com/cac/-/cac-6.7.14.tgz#804e1e6f506ee363cb0e3ccbb09cad5dd9870959"
    integrity sha512-b6Ilus+c3RrdDk+JhLKUAQfzzgLEPy6wcXqS7f/xe1EETvsDP6GORG7SFuOs6cID5YkqchW/LXZbX5bc8j7ZcQ==
  
  caniuse-lite@^1.0.30001541:
    version "1.0.30001565"
    resolved "https://registry.yarnpkg.com/caniuse-lite/-/caniuse-lite-1.0.30001565.tgz#a528b253c8a2d95d2b415e11d8b9942acc100c4f"
    integrity sha512-xrE//a3O7TP0vaJ8ikzkD2c2NgcVUvsEe2IvFTntV4Yd1Z9FVzh+gW+enX96L0psrbaFMcVcH2l90xNuGDWc8w==
  
  chalk@^2.4.2:
    version "2.4.2"
    resolved "https://registry.yarnpkg.com/chalk/-/chalk-2.4.2.tgz#cd42541677a54333cf541a49108c1432b44c9424"
    integrity sha512-Mti+f9lpJNcwF4tWV8/OrTTtF1gZi+f8FqlyAdouralcFWFQWF2+NgCHShjkCb+IFBLq9buZwE1xckQU4peSuQ==
    dependencies:
      ansi-styles "^3.2.1"
      escape-string-regexp "^1.0.5"
      supports-color "^5.3.0"
  
  "chokidar@>=3.0.0 <4.0.0", chokidar@^3.5.3:
    version "3.5.3"
    resolved "https://registry.npmjs.org/chokidar/-/chokidar-3.5.3.tgz"
    integrity sha512-Dr3sfKRP6oTcjf2JmUmFJfeVMvXBdegxB0iVQ5eb2V10uFJUCAS8OByZdVAyVb8xXNz3GjjTgj9kLWsZTqE6kw==
    dependencies:
      anymatch "~3.1.2"
      braces "~3.0.2"
      glob-parent "~5.1.2"
      is-binary-path "~2.1.0"
      is-glob "~4.0.1"
      normalize-path "~3.0.0"
      readdirp "~3.6.0"
    optionalDependencies:
      fsevents "~2.3.2"
  
  clipboard@^2.0.11:
    version "2.0.11"
    resolved "https://registry.npmjs.org/clipboard/-/clipboard-2.0.11.tgz"
    integrity sha512-C+0bbOqkezLIsmWSvlsXS0Q0bmkugu7jcfMIACB+RDEntIzQIkdr148we28AfSloQLRdZlYL/QYyrq05j/3Faw==
    dependencies:
      good-listener "^1.2.2"
      select "^1.1.2"
      tiny-emitter "^2.0.0"
  
  color-convert@^1.9.0:
    version "1.9.3"
    resolved "https://registry.yarnpkg.com/color-convert/-/color-convert-1.9.3.tgz#bb71850690e1f136567de629d2d5471deda4c1e8"
    integrity sha512-QfAUtd+vFdAtFQcC8CCyYt1fYWxSqAiK2cSD6zDB8N3cpsEBAvRxp9zOGg6G/SHHJYAT88/az/IuDGALsNVbGg==
    dependencies:
      color-name "1.1.3"
  
  color-name@1.1.3:
    version "1.1.3"
    resolved "https://registry.yarnpkg.com/color-name/-/color-name-1.1.3.tgz#a7d0558bd89c42f795dd42328f740831ca53bc25"
    integrity sha512-72fSenhMw2HZMTVHeCA9KCmpEIbzWiQsjN+BHcBbS9vr1mtt+vJjPdksIBNUmKAW8TFUDPJK5SUU3QhE9NEXDw==
  
  colorette@^2.0.20:
    version "2.0.20"
    resolved "https://registry.yarnpkg.com/colorette/-/colorette-2.0.20.tgz#9eb793e6833067f7235902fcd3b09917a000a95a"
    integrity sha512-IfEDxwoWIjkeXL1eXcDiow4UbKjhLdq6/EuSVR9GMN7KVH3r9gQ83e73hsz1Nd1T3ijd5xv1wcWRYO+D6kCI2w==
  
  consola@^3.2.3:
    version "3.2.3"
    resolved "https://registry.yarnpkg.com/consola/-/consola-3.2.3.tgz#0741857aa88cfa0d6fd53f1cff0375136e98502f"
    integrity sha512-I5qxpzLv+sJhTVEoLYNcTW+bThDCPsit0vLNKShZx6rLtpilNpmmeTPaeqJb9ZE9dV3DGaeby6Vuhrw38WjeyQ==
  
  convert-source-map@^2.0.0:
    version "2.0.0"
    resolved "https://registry.yarnpkg.com/convert-source-map/-/convert-source-map-2.0.0.tgz#4b560f649fc4e918dd0ab75cf4961e8bc882d82a"
    integrity sha512-Kvp459HrV2FEJ1CAsi1Ku+MY3kasH19TFykTz2xWmMeq6bk2NU3XXvfJ+Q61m0xktWwt+1HSYf3JZsTms3aRJg==
  
  cross-spawn@^7.0.3:
    version "7.0.3"
    resolved "https://registry.yarnpkg.com/cross-spawn/-/cross-spawn-7.0.3.tgz#f73a85b9d5d41d045551c177e2882d4ac85728a6"
    integrity sha512-iRDPJKUPVEND7dHPO8rkbOnPpyDygcDFtWjpeWNCgy8WP2rXcxXL8TskReQl6OrB2G7+UJrags1q15Fudc7G6w==
    dependencies:
      path-key "^3.1.0"
      shebang-command "^2.0.0"
      which "^2.0.1"
  
  css-tree@^2.3.1:
    version "2.3.1"
    resolved "https://registry.yarnpkg.com/css-tree/-/css-tree-2.3.1.tgz#10264ce1e5442e8572fc82fbe490644ff54b5c20"
    integrity sha512-6Fv1DV/TYw//QF5IzQdqsNDjx/wc8TrMBZsqjL9eW01tWb7R7k/mq+/VXfJCl7SoD5emsJop9cOByJZfs8hYIw==
    dependencies:
      mdn-data "2.0.30"
      source-map-js "^1.0.1"
  
  dayjs@^1.11.10, dayjs@^1.11.3:
    version "1.11.10"
    resolved "https://registry.npmjs.org/dayjs/-/dayjs-1.11.10.tgz"
    integrity sha512-vjAczensTgRcqDERK0SR2XMwsF/tSvnvlv6VcF2GIhg6Sx4yOIt/irsr1RDJsKiIyBzJDpCoXiWWq28MqH2cnQ==
  
  debug@^4.1.0, debug@^4.3.4:
    version "4.3.4"
    resolved "https://registry.yarnpkg.com/debug/-/debug-4.3.4.tgz#1319f6579357f2338d3337d2cdd4914bb5dcc865"
    integrity sha512-PRWFHuSU3eDtQJPvnNY7Jcket1j0t5OuOsFzPPzsekD52Zl8qUfFIPEiswXqIvHWGVHOgX+7G/vCNNhehwxfkQ==
    dependencies:
      ms "2.1.2"
  
  defu@^6.1.2:
    version "6.1.3"
    resolved "https://registry.yarnpkg.com/defu/-/defu-6.1.3.tgz#6d7f56bc61668e844f9f593ace66fd67ef1205fd"
    integrity sha512-Vy2wmG3NTkmHNg/kzpuvHhkqeIx3ODWqasgCRbKtbXEN0G+HpEEv9BtJLp7ZG1CZloFaC41Ah3ZFbq7aqCqMeQ==
  
  delegate@^3.1.2:
    version "3.2.0"
    resolved "https://registry.npmjs.org/delegate/-/delegate-3.2.0.tgz"
    integrity sha512-IofjkYBZaZivn0V8nnsMJGBr4jVLxHDheKSW88PyxS5QC4Vo9ZbZVvhzlSxY87fVq3STR6r+4cGepyHkcWOQSw==
  
  destr@^2.0.1:
    version "2.0.2"
    resolved "https://registry.yarnpkg.com/destr/-/destr-2.0.2.tgz#8d3c0ee4ec0a76df54bc8b819bca215592a8c218"
    integrity sha512-65AlobnZMiCET00KaFFjUefxDX0khFA/E4myqZ7a6Sq1yZtR8+FVIvilVX66vF2uobSumxooYZChiRPCKNqhmg==
  
  duplexer@^0.1.2:
    version "0.1.2"
    resolved "https://registry.yarnpkg.com/duplexer/-/duplexer-0.1.2.tgz#3abe43aef3835f8ae077d136ddce0f276b0400e6"
    integrity sha512-jtD6YG370ZCIi/9GTaJKQxWTZD045+4R4hTk/x1UyoqadyJ9x9CgSi1RlVDQF8U2sxLLSnFkCaMihqljHIWgMg==
  
  electron-to-chromium@^1.4.535:
    version "1.4.599"
    resolved "https://registry.yarnpkg.com/electron-to-chromium/-/electron-to-chromium-1.4.599.tgz#754d368c7d6086c92099236de10dbbc93dfb7688"
    integrity sha512-FdLI0/h+PvShEqmBMnZCdbgabAuQiiM9Ph8hVGmPOR5GU1XXZgwLRCMogE63OrUxcDEOBlEMVYAgtkJjWFnhRA==
  
  emojis-list@^3.0.0:
    version "3.0.0"
    resolved "https://registry.npmjs.org/emojis-list/-/emojis-list-3.0.0.tgz"
    integrity sha512-/kyM18EfinwXZbno9FyUGeFh87KC8HRQBQGildHZbEuRyWFOmv1U10o9BBp8XVZDVNNuQKyIGIu5ZYAAXJ0V2Q==
  
  esbuild@^0.19.3:
    version "0.19.8"
    resolved "https://registry.yarnpkg.com/esbuild/-/esbuild-0.19.8.tgz#ad05b72281d84483fa6b5345bd246c27a207b8f1"
    integrity sha512-l7iffQpT2OrZfH2rXIp7/FkmaeZM0vxbxN9KfiCwGYuZqzMg/JdvX26R31Zxn/Pxvsrg3Y9N6XTcnknqDyyv4w==
    optionalDependencies:
      "@esbuild/android-arm" "0.19.8"
      "@esbuild/android-arm64" "0.19.8"
      "@esbuild/android-x64" "0.19.8"
      "@esbuild/darwin-arm64" "0.19.8"
      "@esbuild/darwin-x64" "0.19.8"
      "@esbuild/freebsd-arm64" "0.19.8"
      "@esbuild/freebsd-x64" "0.19.8"
      "@esbuild/linux-arm" "0.19.8"
      "@esbuild/linux-arm64" "0.19.8"
      "@esbuild/linux-ia32" "0.19.8"
      "@esbuild/linux-loong64" "0.19.8"
      "@esbuild/linux-mips64el" "0.19.8"
      "@esbuild/linux-ppc64" "0.19.8"
      "@esbuild/linux-riscv64" "0.19.8"
      "@esbuild/linux-s390x" "0.19.8"
      "@esbuild/linux-x64" "0.19.8"
      "@esbuild/netbsd-x64" "0.19.8"
      "@esbuild/openbsd-x64" "0.19.8"
      "@esbuild/sunos-x64" "0.19.8"
      "@esbuild/win32-arm64" "0.19.8"
      "@esbuild/win32-ia32" "0.19.8"
      "@esbuild/win32-x64" "0.19.8"
  
  escalade@^3.1.1:
    version "3.1.1"
    resolved "https://registry.yarnpkg.com/escalade/-/escalade-3.1.1.tgz#d8cfdc7000965c5a0174b4a82eaa5c0552742e40"
    integrity sha512-k0er2gUkLf8O0zKJiAhmkTnJlTvINGv7ygDNPbeIsX/TJjGJZHuh9B2UxbsaEkmlEo9MfhrSzmhIlhRlI2GXnw==
  
  escape-string-regexp@^1.0.5:
    version "1.0.5"
    resolved "https://registry.yarnpkg.com/escape-string-regexp/-/escape-string-regexp-1.0.5.tgz#1b61c0562190a8dff6ae3bb2cf0200ca130b86d4"
    integrity sha512-vbRorB5FUQWvla16U8R/qgaFIya2qGzwDrNmCZuYKrbdSUMG6I1ZCGQRefkRVhuOkIGVne7BQ35DSfo1qvJqFg==
  
  estree-walker@^2.0.2:
    version "2.0.2"
    resolved "https://registry.yarnpkg.com/estree-walker/-/estree-walker-2.0.2.tgz#52f010178c2a4c117a7757cfe942adb7d2da4cac"
    integrity sha512-Rfkk/Mp/DL7JVje3u18FxFujQlTNR2q6QfMSMB7AvCBx91NGj/ba3kCfza0f6dVDbw7YlRf/nDrn7pQrCCyQ/w==
  
  execa@^5.1.1:
    version "5.1.1"
    resolved "https://registry.yarnpkg.com/execa/-/execa-5.1.1.tgz#f80ad9cbf4298f7bd1d4c9555c21e93741c411dd"
    integrity sha512-8uSpZZocAZRBAPIEINJj3Lo9HyGitllczc27Eh5YYojjMFMn8yHMDMaUHE2Jqfq05D/wucwI4JGURyXt1vchyg==
    dependencies:
      cross-spawn "^7.0.3"
      get-stream "^6.0.0"
      human-signals "^2.1.0"
      is-stream "^2.0.0"
      merge-stream "^2.0.0"
      npm-run-path "^4.0.1"
      onetime "^5.1.2"
      signal-exit "^3.0.3"
      strip-final-newline "^2.0.0"
  
  fast-deep-equal@^3.1.1:
    version "3.1.3"
    resolved "https://registry.npmjs.org/fast-deep-equal/-/fast-deep-equal-3.1.3.tgz"
    integrity sha512-f3qQ9oQy9j2AhBe/H9VC91wLmKBCCU/gDOnKNAYG5hswO7BLKj09Hc5HYNz9cGI++xlpDCIgDaitVs03ATR84Q==
  
  fast-glob@^3.3.2:
    version "3.3.2"
    resolved "https://registry.yarnpkg.com/fast-glob/-/fast-glob-3.3.2.tgz#a904501e57cfdd2ffcded45e99a54fef55e46129"
    integrity sha512-oX2ruAFQwf/Orj8m737Y5adxDQO0LAB7/S5MnxCdTNDd4p6BsyIVsv9JQsATbTSq8KHRpLwIHbVlUNatxd+1Ow==
    dependencies:
      "@nodelib/fs.stat" "^2.0.2"
      "@nodelib/fs.walk" "^1.2.3"
      glob-parent "^5.1.2"
      merge2 "^1.3.0"
      micromatch "^4.0.4"
  
  fast-json-stable-stringify@^2.0.0:
    version "2.1.0"
    resolved "https://registry.npmjs.org/fast-json-stable-stringify/-/fast-json-stable-stringify-2.1.0.tgz"
    integrity sha512-lhd/wF+Lk98HZoTCtlVraHtfh5XYijIjalXck7saUtuanSDyLMxnHhSXEDJqHxD7msR8D0uCmqlkwjCV8xvwHw==
  
  fastq@^1.6.0:
    version "1.15.0"
    resolved "https://registry.yarnpkg.com/fastq/-/fastq-1.15.0.tgz#d04d07c6a2a68fe4599fea8d2e103a937fae6b3a"
    integrity sha512-wBrocU2LCXXa+lWBt8RoIRD89Fi8OdABODa/kEnyeyjS5aZO5/GNvI5sEINADqP/h8M29UHTHUb53sUu5Ihqdw==
    dependencies:
      reusify "^1.0.4"
  
  fill-range@^7.0.1:
    version "7.0.1"
    resolved "https://registry.npmjs.org/fill-range/-/fill-range-7.0.1.tgz"
    integrity sha512-qOo9F+dMUmC2Lcb4BbVvnKJxTPjCm+RRpe4gDuGrzkL7mEVl/djYSu2OdQ2Pa302N4oqkSg9ir6jaLWJ2USVpQ==
    dependencies:
      to-regex-range "^5.0.1"
  
  find-up@^5.0.0:
    version "5.0.0"
    resolved "https://registry.yarnpkg.com/find-up/-/find-up-5.0.0.tgz#4c92819ecb7083561e4f4a240a86be5198f536fc"
    integrity sha512-78/PXT1wlLLDgTzDs7sjq9hzz0vXD+zn+7wypEe4fXQxCmdmqfGsEPQxmiCSQI3ajFV91bVSsvNtrJRiW6nGng==
    dependencies:
      locate-path "^6.0.0"
      path-exists "^4.0.0"
  
  fsevents@~2.3.2, fsevents@~2.3.3:
    version "2.3.3"
    resolved "https://registry.yarnpkg.com/fsevents/-/fsevents-2.3.3.tgz#cac6407785d03675a2a5e1a5305c697b347d90d6"
    integrity sha512-5xoDfX+fL7faATnagmWPpbFtwh/R77WmMMqqHGS65C3vvB0YHrgF+B1YmZ3441tMj5n63k0212XNoJwzlhffQw==
  
  gensync@^1.0.0-beta.2:
    version "1.0.0-beta.2"
    resolved "https://registry.yarnpkg.com/gensync/-/gensync-1.0.0-beta.2.tgz#32a6ee76c3d7f52d46b2b1ae5d93fea8580a25e0"
    integrity sha512-3hN7NaskYvMDLQY55gnW3NQ+mesEAepTqlg+VEbj7zzqEMBVNhzcGYYeqFo/TlYz6eQiFcp1HcsCZO+nGgS8zg==
  
  get-stream@^6.0.0:
    version "6.0.1"
    resolved "https://registry.yarnpkg.com/get-stream/-/get-stream-6.0.1.tgz#a262d8eef67aced57c2852ad6167526a43cbf7b7"
    integrity sha512-ts6Wi+2j3jQjqi70w5AlN8DFnkSwC+MqmxEzdEALB2qXZYV3X/b1CTfgPLGJNMeAWxdPfU8FO1ms3NUfaHCPYg==
  
  glob-parent@^5.1.2, glob-parent@~5.1.2:
    version "5.1.2"
    resolved "https://registry.npmjs.org/glob-parent/-/glob-parent-5.1.2.tgz"
    integrity sha512-AOIgSQCepiJYwP3ARnGx+5VnTu2HBYdzbGP45eLw1vr3zB3vZLeyed1sC9hnbcOc9/SrMyM5RPQrkGz4aS9Zow==
    dependencies:
      is-glob "^4.0.1"
  
  globals@^11.1.0:
    version "11.12.0"
    resolved "https://registry.yarnpkg.com/globals/-/globals-11.12.0.tgz#ab8795338868a0babd8525758018c2a7eb95c42e"
    integrity sha512-WOBp/EEGUiIsJSp7wcv/y6MO+lV9UoncWqxuFfm8eBwzWNgyfBd6Gz+IeKQ9jCmyhoH99g15M3T+QaVHFjizVA==
  
  good-listener@^1.2.2:
    version "1.2.2"
    resolved "https://registry.npmjs.org/good-listener/-/good-listener-1.2.2.tgz"
    integrity sha512-goW1b+d9q/HIwbVYZzZ6SsTr4IgE+WA44A0GmPIQstuOrgsFcT7VEJ48nmr9GaRtNu0XTKacFLGnBPAM6Afouw==
    dependencies:
      delegate "^3.1.2"
  
  gzip-size@^6.0.0:
    version "6.0.0"
    resolved "https://registry.yarnpkg.com/gzip-size/-/gzip-size-6.0.0.tgz#065367fd50c239c0671cbcbad5be3e2eeb10e462"
    integrity sha512-ax7ZYomf6jqPTQ4+XCpUGyXKHk5WweS+e05MBO4/y3WJ5RkmPXNKvX+bx1behVILVwr6JSQvZAku021CHPXG3Q==
    dependencies:
      duplexer "^0.1.2"
  
  has-flag@^3.0.0:
    version "3.0.0"
    resolved "https://registry.yarnpkg.com/has-flag/-/has-flag-3.0.0.tgz#b5d454dc2199ae225699f3467e5a07f3b955bafd"
    integrity sha512-sKJf1+ceQBr4SMkvQnBDNDtf4TXpVhVGateu0t918bl30FnbE2m4vNLX+VWe/dpjlb+HugGYzW7uQXH98HPEYw==
  
  human-signals@^2.1.0:
    version "2.1.0"
    resolved "https://registry.yarnpkg.com/human-signals/-/human-signals-2.1.0.tgz#dc91fcba42e4d06e4abaed33b3e7a3c02f514ea0"
    integrity sha512-B4FFZ6q/T2jhhksgkbEW3HBvWIfDW85snkQgawt07S7J5QXTk6BkNV+0yAeZrM5QpMAdYlocGoljn0sJ/WQkFw==
  
  immutable@^4.0.0:
    version "4.3.4"
    resolved "https://registry.npmjs.org/immutable/-/immutable-4.3.4.tgz"
    integrity sha512-fsXeu4J4i6WNWSikpI88v/PcVflZz+6kMhUfIwc5SY+poQRPnaf5V7qds6SUyUN3cVxEzuCab7QIoLOQ+DQ1wA==
  
  is-binary-path@~2.1.0:
    version "2.1.0"
    resolved "https://registry.npmjs.org/is-binary-path/-/is-binary-path-2.1.0.tgz"
    integrity sha512-ZMERYes6pDydyuGidse7OsHxtbI7WVeUEozgR/g7rd0xUimYNlvZRE/K2MgZTjWy725IfelLeVcEM97mmtRGXw==
    dependencies:
      binary-extensions "^2.0.0"
  
  is-extglob@^2.1.1:
    version "2.1.1"
    resolved "https://registry.npmjs.org/is-extglob/-/is-extglob-2.1.1.tgz"
    integrity sha512-SbKbANkN603Vi4jEZv49LeVJMn4yGwsbzZworEoyEiutsN3nJYdbO36zfhGJ6QEDpOZIFkDtnq5JRxmvl3jsoQ==
  
  is-glob@^4.0.1, is-glob@~4.0.1:
    version "4.0.3"
    resolved "https://registry.npmjs.org/is-glob/-/is-glob-4.0.3.tgz"
    integrity sha512-xelSayHH36ZgE7ZWhli7pW34hNbNl8Ojv5KVmkJD4hBdD3th8Tfk9vYasLM+mXWOZhFkgZfxhLSnrwRr4elSSg==
    dependencies:
      is-extglob "^2.1.1"
  
  is-number@^7.0.0:
    version "7.0.0"
    resolved "https://registry.npmjs.org/is-number/-/is-number-7.0.0.tgz"
    integrity sha512-41Cifkg6e8TylSpdtTpeLVMqvSBEVzTttHvERD741+pnZ8ANv0004MRL43QKPDlK9cGvNp6NZWZUBlbGXYxxng==
  
  is-stream@^2.0.0:
    version "2.0.1"
    resolved "https://registry.yarnpkg.com/is-stream/-/is-stream-2.0.1.tgz#fac1e3d53b97ad5a9d0ae9cef2389f5810a5c077"
    integrity sha512-hFoiJiTl63nn+kstHGBtewWSKnQLpyb155KHheA1l39uvtO9nWIop1p3udqPcUd/xbF1VLMO4n7OI6p7RbngDg==
  
  isexe@^2.0.0:
    version "2.0.0"
    resolved "https://registry.yarnpkg.com/isexe/-/isexe-2.0.0.tgz#e8fbf374dc556ff8947a10dcb0572d633f2cfa10"
    integrity sha512-RHxMLp9lnKHGHRng9QFhRCMbYAcVpn69smSGcq3f36xjgVVWThj4qqLbTLlq7Ssj8B+fIQ1EuCEGI2lKsyQeIw==
  
  jiti@^1.20.0:
    version "1.21.0"
    resolved "https://registry.yarnpkg.com/jiti/-/jiti-1.21.0.tgz#7c97f8fe045724e136a397f7340475244156105d"
    integrity sha512-gFqAIbuKyyso/3G2qhiO2OM6shY6EPP/R0+mkDbyspxKazh8BXDC5FiFsUjlczgdNz/vfra0da2y+aHrusLG/Q==
  
  js-tokens@^4.0.0:
    version "4.0.0"
    resolved "https://registry.yarnpkg.com/js-tokens/-/js-tokens-4.0.0.tgz#19203fb59991df98e3a287050d4647cdeaf32499"
    integrity sha512-RdJUflcE3cUzKiMqQgsCu06FPu9UdIJO0beYbPhHN4k6apgJtifcoCtT9bcxOpYBtpD2kCM6Sbzg4CausW/PKQ==
  
  jsesc@^2.5.1:
    version "2.5.2"
    resolved "https://registry.yarnpkg.com/jsesc/-/jsesc-2.5.2.tgz#80564d2e483dacf6e8ef209650a67df3f0c283a4"
    integrity sha512-OYu7XEzjkCQ3C5Ps3QIZsQfNpqoJyZZA99wd9aWd05NCtC5pWOkShK2mkL6HXQR6/Cy2lbNdPlZBpuQHXE63gA==
  
  json-schema-traverse@^0.4.1:
    version "0.4.1"
    resolved "https://registry.npmjs.org/json-schema-traverse/-/json-schema-traverse-0.4.1.tgz"
    integrity sha512-xbbCH5dCYU5T8LcEhhuh7HJ88HXuW3qsI3Y0zOZFKfZEHcpWiHU/Jxzk629Brsab/mMiHQti9wMP+845RPe3Vg==
  
  json5@^2.1.2, json5@^2.2.3:
    version "2.2.3"
    resolved "https://registry.npmjs.org/json5/-/json5-2.2.3.tgz"
    integrity sha512-XmOWe7eyHYH14cLdVPoyg+GOH3rYX++KpzrylJwSW98t3Nk+U8XOl8FWKOgwtzdb8lXGf6zYwDUzeHMWfxasyg==
  
  jsonc-parser@^3.2.0:
    version "3.2.0"
    resolved "https://registry.yarnpkg.com/jsonc-parser/-/jsonc-parser-3.2.0.tgz#31ff3f4c2b9793f89c67212627c51c6394f88e76"
    integrity sha512-gfFQZrcTc8CnKXp6Y4/CBT3fTc0OVuDofpre4aEeEpSBPV5X5v4+Vmx+8snU7RLPrNHPKSgLxGo9YuQzz20o+w==
  
  klona@^2.0.4:
    version "2.0.6"
    resolved "https://registry.npmjs.org/klona/-/klona-2.0.6.tgz"
    integrity sha512-dhG34DXATL5hSxJbIexCft8FChFXtmskoZYnoPWjXQuebWYCNkVeV3KkGegCK9CP1oswI/vQibS2GY7Em/sJJA==
  
  kolorist@^1.8.0:
    version "1.8.0"
    resolved "https://registry.yarnpkg.com/kolorist/-/kolorist-1.8.0.tgz#edddbbbc7894bc13302cdf740af6374d4a04743c"
    integrity sha512-Y+60/zizpJ3HRH8DCss+q95yr6145JXZo46OTpFvDZWLfRCE4qChOyk1b26nMaNpfHHgxagk9dXT5OP0Tfe+dQ==
  
  loader-utils@^2.0.0:
    version "2.0.4"
    resolved "https://registry.npmjs.org/loader-utils/-/loader-utils-2.0.4.tgz"
    integrity sha512-xXqpXoINfFhgua9xiqD8fPFHgkoq1mmmpE92WlDbm9rNRd/EbRb+Gqf908T2DMfuHjjJlksiK2RbHVOdD/MqSw==
    dependencies:
      big.js "^5.2.2"
      emojis-list "^3.0.0"
      json5 "^2.1.2"
  
  local-pkg@^0.4.3:
    version "0.4.3"
    resolved "https://registry.yarnpkg.com/local-pkg/-/local-pkg-0.4.3.tgz#0ff361ab3ae7f1c19113d9bb97b98b905dbc4963"
    integrity sha512-SFppqq5p42fe2qcZQqqEOiVRXl+WCP1MdT6k7BDEW1j++sp5fIY+/fdRQitvKgB5BrBcmrs5m/L0v2FrU5MY1g==
  
  locate-path@^6.0.0:
    version "6.0.0"
    resolved "https://registry.yarnpkg.com/locate-path/-/locate-path-6.0.0.tgz#55321eb309febbc59c4801d931a72452a681d286"
    integrity sha512-iPZK6eYjbxRu3uB4/WZ3EsEIMJFMqAoopl3R+zuq0UjcAm/MO6KCweDgPfP3elTztoKP3KtnVHxTn2NHBSDVUw==
    dependencies:
      p-locate "^5.0.0"
  
  lru-cache@^5.1.1:
    version "5.1.1"
    resolved "https://registry.yarnpkg.com/lru-cache/-/lru-cache-5.1.1.tgz#1da27e6710271947695daf6848e847f01d84b920"
    integrity sha512-KpNARQA3Iwv+jTA0utUVVbrh+Jlrr1Fv0e56GGzAFOXN7dk/FviaDW8LHmK52DlcH4WP2n6gI8vN1aesBFgo9w==
    dependencies:
      yallist "^3.0.2"
  
  lru-cache@^6.0.0:
    version "6.0.0"
    resolved "https://registry.npmjs.org/lru-cache/-/lru-cache-6.0.0.tgz"
    integrity sha512-Jo6dJ04CmSjuznwJSS3pUeWmd/H0ffTlkXXgwZi+eq1UCmqQwCh+eLsYOYCwY991i2Fah4h1BEMCx4qThGbsiA==
    dependencies:
      yallist "^4.0.0"
  
  magic-string@^0.30.5:
    version "0.30.5"
    resolved "https://registry.yarnpkg.com/magic-string/-/magic-string-0.30.5.tgz#1994d980bd1c8835dc6e78db7cbd4ae4f24746f9"
    integrity sha512-7xlpfBaQaP/T6Vh8MO/EqXSW5En6INHEvEXQiuff7Gku0PWjU3uf6w/j9o7O+SpB5fOAkrI5HeoNgwjEO0pFsA==
    dependencies:
      "@jridgewell/sourcemap-codec" "^1.4.15"
  
  mdn-data@2.0.30:
    version "2.0.30"
    resolved "https://registry.yarnpkg.com/mdn-data/-/mdn-data-2.0.30.tgz#ce4df6f80af6cfbe218ecd5c552ba13c4dfa08cc"
    integrity sha512-GaqWWShW4kv/G9IEucWScBx9G1/vsFZZJUO+tD26M8J8z3Kw5RDQjaoZe03YAClgeS/SWPOcb4nkFBTEi5DUEA==
  
  merge-stream@^2.0.0:
    version "2.0.0"
    resolved "https://registry.yarnpkg.com/merge-stream/-/merge-stream-2.0.0.tgz#52823629a14dd00c9770fb6ad47dc6310f2c1f60"
    integrity sha512-abv/qOcuPfk3URPfDzmZU1LKmuw8kT+0nIHvKrKgFrwifol/doWcdA4ZqsWQ8ENrFKkd67Mfpo/LovbIUsbt3w==
  
  merge2@^1.3.0:
    version "1.4.1"
    resolved "https://registry.yarnpkg.com/merge2/-/merge2-1.4.1.tgz#4368892f885e907455a6fd7dc55c0c9d404990ae"
    integrity sha512-8q7VEgMJW4J8tcfVPy8g09NcQwZdbwFEqhe/WZkoIzjn/3TGDwtOCYtXGxA3O8tPzpczCCDgv+P2P5y00ZJOOg==
  
  micromatch@^4.0.4:
    version "4.0.5"
    resolved "https://registry.yarnpkg.com/micromatch/-/micromatch-4.0.5.tgz#bc8999a7cbbf77cdc89f132f6e467051b49090c6"
    integrity sha512-DMy+ERcEW2q8Z2Po+WNXuw3c5YaUSFjAO5GsJqfEl7UjvtIuFKO6ZrKvcItdy98dwFI2N1tg3zNIdKaQT+aNdA==
    dependencies:
      braces "^3.0.2"
      picomatch "^2.3.1"
  
  mimic-fn@^2.1.0:
    version "2.1.0"
    resolved "https://registry.yarnpkg.com/mimic-fn/-/mimic-fn-2.1.0.tgz#7ed2c2ccccaf84d3ffcb7a69b57711fc2083401b"
    integrity sha512-OqbOk5oEQeAZ8WXWydlu9HJjz9WVdEIvamMCcXmuqUYjTknH/sqsWvhQ3vgwKFRR1HpjvNBKQ37nbJgYzGqGcg==
  
  mlly@^1.2.0, mlly@^1.4.2:
    version "1.4.2"
    resolved "https://registry.yarnpkg.com/mlly/-/mlly-1.4.2.tgz#7cf406aa319ff6563d25da6b36610a93f2a8007e"
    integrity sha512-i/Ykufi2t1EZ6NaPLdfnZk2AX8cs0d+mTzVKuPfqPKPatxLApaBoxJQ9x1/uckXtrS/U5oisPMDkNs0yQTaBRg==
    dependencies:
      acorn "^8.10.0"
      pathe "^1.1.1"
      pkg-types "^1.0.3"
      ufo "^1.3.0"
  
  mrmime@^1.0.0:
    version "1.0.1"
    resolved "https://registry.yarnpkg.com/mrmime/-/mrmime-1.0.1.tgz#5f90c825fad4bdd41dc914eff5d1a8cfdaf24f27"
    integrity sha512-hzzEagAgDyoU1Q6yg5uI+AorQgdvMCur3FcKf7NhMKWsaYg+RnbTyHRa/9IlLF9rf455MOCtcqqrQQ83pPP7Uw==
  
  ms@2.1.2:
    version "2.1.2"
    resolved "https://registry.yarnpkg.com/ms/-/ms-2.1.2.tgz#d09d1f357b443f493382a8eb3ccd183872ae6009"
    integrity sha512-sGkPx+VjMtmA6MX27oA4FBFELFCZZ4S4XqeGOXCv68tT+jb3vk/RyaKWP0PTKyWtmLSM0b+adUTEvbs1PEaH2w==
  
  nanoid@^3.3.6:
    version "3.3.7"
    resolved "https://registry.yarnpkg.com/nanoid/-/nanoid-3.3.7.tgz#d0c301a691bc8d54efa0a2226ccf3fe2fd656bd8"
    integrity sha512-eSRppjcPIatRIMC1U6UngP8XFcz8MQWGQdt1MTBQ7NaAmvXDfvNxbvWV3x2y6CdEUciCSsDHDQZbhYaB8QEo2g==
  
  neo-async@^2.6.2:
    version "2.6.2"
    resolved "https://registry.npmjs.org/neo-async/-/neo-async-2.6.2.tgz"
    integrity sha512-Yd3UES5mWCSqR+qNT93S3UoYUkqAZ9lLg8a7g9rimsWmYGK8cVToA4/sF3RrshdyV3sAGMXVUmpMYOw+dLpOuw==
  
  node-fetch-native@^1.4.0:
    version "1.4.1"
    resolved "https://registry.yarnpkg.com/node-fetch-native/-/node-fetch-native-1.4.1.tgz#5a336e55b4e1b1e72b9927da09fecd2b374c9be5"
    integrity sha512-NsXBU0UgBxo2rQLOeWNZqS3fvflWePMECr8CoSWoSTqCqGbVVsvl9vZu1HfQicYN0g5piV9Gh8RTEvo/uP752w==
  
  node-releases@^2.0.13:
    version "2.0.13"
    resolved "https://registry.yarnpkg.com/node-releases/-/node-releases-2.0.13.tgz#d5ed1627c23e3461e819b02e57b75e4899b1c81d"
    integrity sha512-uYr7J37ae/ORWdZeQ1xxMJe3NtdmqMC/JZK+geofDrkLUApKRHPd18/TxtBOJ4A0/+uUIliorNrfYV6s1b02eQ==
  
  normalize-path@^3.0.0, normalize-path@~3.0.0:
    version "3.0.0"
    resolved "https://registry.npmjs.org/normalize-path/-/normalize-path-3.0.0.tgz"
    integrity sha512-6eZs5Ls3WtCisHWp9S2GUy8dqkpGi4BVSz3GaqiE6ezub0512ESztXUwUB6C6IKbQkY2Pnb/mD4WYojCRwcwLA==
  
  npm-run-path@^4.0.1:
    version "4.0.1"
    resolved "https://registry.yarnpkg.com/npm-run-path/-/npm-run-path-4.0.1.tgz#b7ecd1e5ed53da8e37a55e1c2269e0b97ed748ea"
    integrity sha512-S48WzZW777zhNIrn7gxOlISNAqi9ZC/uQFnRdbeIHhZhCA6UqpkOT8T1G7BvfdgP4Er8gF4sUbaS0i7QvIfCWw==
    dependencies:
      path-key "^3.0.0"
  
  ofetch@^1.3.3:
    version "1.3.3"
    resolved "https://registry.yarnpkg.com/ofetch/-/ofetch-1.3.3.tgz#588cb806a28e5c66c2c47dd8994f9059a036d8c0"
    integrity sha512-s1ZCMmQWXy4b5K/TW9i/DtiN8Ku+xCiHcjQ6/J/nDdssirrQNOoB165Zu8EqLMA2lln1JUth9a0aW9Ap2ctrUg==
    dependencies:
      destr "^2.0.1"
      node-fetch-native "^1.4.0"
      ufo "^1.3.0"
  
  onetime@^5.1.2:
    version "5.1.2"
    resolved "https://registry.yarnpkg.com/onetime/-/onetime-5.1.2.tgz#d0e96ebb56b07476df1dd9c4806e5237985ca45e"
    integrity sha512-kbpaSSGJTWdAY5KPVeMOKXSrPtr8C8C7wodJbcsd51jRnmD+GZu8Y0VoU6Dm5Z4vWr0Ig/1NKuWRKf7j5aaYSg==
    dependencies:
      mimic-fn "^2.1.0"
  
  p-limit@^3.0.2:
    version "3.1.0"
    resolved "https://registry.yarnpkg.com/p-limit/-/p-limit-3.1.0.tgz#e1daccbe78d0d1388ca18c64fea38e3e57e3706b"
    integrity sha512-TYOanM3wGwNGsZN2cVTYPArw454xnXj5qmWF1bEoAc4+cU/ol7GVh7odevjp1FNHduHc3KZMcFduxU5Xc6uJRQ==
    dependencies:
      yocto-queue "^0.1.0"
  
  p-locate@^5.0.0:
    version "5.0.0"
    resolved "https://registry.yarnpkg.com/p-locate/-/p-locate-5.0.0.tgz#83c8315c6785005e3bd021839411c9e110e6d834"
    integrity sha512-LaNjtRWUBY++zB5nE/NwcaoMylSPk+S+ZHNB1TzdbMJMny6dynpAGt7X/tl/QYq3TIeE6nxHppbo2LGymrG5Pw==
    dependencies:
      p-limit "^3.0.2"
  
  path-exists@^4.0.0:
    version "4.0.0"
    resolved "https://registry.yarnpkg.com/path-exists/-/path-exists-4.0.0.tgz#513bdbe2d3b95d7762e8c1137efa195c6c61b5b3"
    integrity sha512-ak9Qy5Q7jYb2Wwcey5Fpvg2KoAc/ZIhLSLOSBmRmygPsGwkVVt0fZa0qrtMz+m6tJTAHfZQ8FnmB4MG4LWy7/w==
  
  path-key@^3.0.0, path-key@^3.1.0:
    version "3.1.1"
    resolved "https://registry.yarnpkg.com/path-key/-/path-key-3.1.1.tgz#581f6ade658cbba65a0d3380de7753295054f375"
    integrity sha512-ojmeN0qd+y0jszEtoY48r0Peq5dwMEkIlCOu6Q5f41lfkswXuKtYrhgoTpLnyIcHm24Uhqx+5Tqm2InSwLhE6Q==
  
  pathe@^1.1.0, pathe@^1.1.1:
    version "1.1.1"
    resolved "https://registry.yarnpkg.com/pathe/-/pathe-1.1.1.tgz#1dd31d382b974ba69809adc9a7a347e65d84829a"
    integrity sha512-d+RQGp0MAYTIaDBIMmOfMwz3E+LOZnxx1HZd5R18mmCZY0QBlK0LDZfPc8FW8Ed2DlvsuE6PRjroDY+wg4+j/Q==
  
  perfect-debounce@^1.0.0:
    version "1.0.0"
    resolved "https://registry.yarnpkg.com/perfect-debounce/-/perfect-debounce-1.0.0.tgz#9c2e8bc30b169cc984a58b7d5b28049839591d2a"
    integrity sha512-xCy9V055GLEqoFaHoC1SoLIaLmWctgCUaBaWxDZ7/Zx4CTyX7cJQLJOok/orfjZAh9kEYpjJa4d0KcJmCbctZA==
  
  picocolors@^1.0.0:
    version "1.0.0"
    resolved "https://registry.yarnpkg.com/picocolors/-/picocolors-1.0.0.tgz#cb5bdc74ff3f51892236eaf79d68bc44564ab81c"
    integrity sha512-1fygroTLlHu66zi26VoTDv8yRgm0Fccecssto+MhsZ0D/DGW2sm8E8AjW7NU5VVTRt5GxbeZ5qBuJr+HyLYkjQ==
  
  picomatch@^2.0.4, picomatch@^2.2.1, picomatch@^2.3.1:
    version "2.3.1"
    resolved "https://registry.npmjs.org/picomatch/-/picomatch-2.3.1.tgz"
    integrity sha512-JU3teHTNjmE2VCGFzuY8EXzCDVwEqB2a8fsIvwaStHhAWJEeVd1o1QD80CU6+ZdEXXSLbSsuLwJjkCBWqRQUVA==
  
  pkg-types@^1.0.3:
    version "1.0.3"
    resolved "https://registry.yarnpkg.com/pkg-types/-/pkg-types-1.0.3.tgz#988b42ab19254c01614d13f4f65a2cfc7880f868"
    integrity sha512-nN7pYi0AQqJnoLPC9eHFQ8AcyaixBUOwvqc5TDnIKCMEE6I0y8P7OKA7fPexsXGCGxQDl/cmrLAp26LhcwxZ4A==
    dependencies:
      jsonc-parser "^3.2.0"
      mlly "^1.2.0"
      pathe "^1.1.0"
  
  postcss@^8.4.31:
    version "8.4.31"
    resolved "https://registry.yarnpkg.com/postcss/-/postcss-8.4.31.tgz#92b451050a9f914da6755af352bdc0192508656d"
    integrity sha512-PS08Iboia9mts/2ygV3eLpY5ghnUcfLV/EXTOW1E2qYxJKGGBUtNjN76FYHnMs36RmARn41bC0AZmn+rR0OVpQ==
    dependencies:
      nanoid "^3.3.6"
      picocolors "^1.0.0"
      source-map-js "^1.0.2"
  
  punycode@^2.1.0:
    version "2.3.1"
    resolved "https://registry.npmjs.org/punycode/-/punycode-2.3.1.tgz"
    integrity sha512-vYt7UD1U9Wg6138shLtLOvdAu+8DsC/ilFtEVHcH+wydcSpNE20AfSOduf6MkRFahL5FY7X1oU7nKVZFtfq8Fg==
  
  queue-microtask@^1.2.2:
    version "1.2.3"
    resolved "https://registry.yarnpkg.com/queue-microtask/-/queue-microtask-1.2.3.tgz#4929228bbc724dfac43e0efb058caf7b6cfb6243"
    integrity sha512-NuaNSa6flKT5JaSYQzJok04JzTL1CA6aGhv5rfLW3PgqA+M2ChpZQnAC8h8i4ZFkBS8X5RqkDBHA7r4hej3K9A==
  
  readdirp@~3.6.0:
    version "3.6.0"
    resolved "https://registry.npmjs.org/readdirp/-/readdirp-3.6.0.tgz"
    integrity sha512-hOS089on8RduqdbhvQ5Z37A0ESjsqz6qnRcffsMU3495FuTdqSm+7bhJ29JvIOsBDEEnan5DPu9t3To9VRlMzA==
    dependencies:
      picomatch "^2.2.1"
  
  reusify@^1.0.4:
    version "1.0.4"
    resolved "https://registry.yarnpkg.com/reusify/-/reusify-1.0.4.tgz#90da382b1e126efc02146e90845a88db12925d76"
    integrity sha512-U9nH88a3fc/ekCF1l0/UP1IosiuIjyTh7hBvXVMHYgVcfGvt897Xguj2UOLDeI5BG2m7/uwyaLVT6fbtCwTyzw==
  
  rollup@^4.2.0:
    version "4.6.1"
    resolved "https://registry.yarnpkg.com/rollup/-/rollup-4.6.1.tgz#351501c86b5b4f976dde8c5837516452b59921f8"
    integrity sha512-jZHaZotEHQaHLgKr8JnQiDT1rmatjgKlMekyksz+yk9jt/8z9quNjnKNRoaM0wd9DC2QKXjmWWuDYtM3jfF8pQ==
    optionalDependencies:
      "@rollup/rollup-android-arm-eabi" "4.6.1"
      "@rollup/rollup-android-arm64" "4.6.1"
      "@rollup/rollup-darwin-arm64" "4.6.1"
      "@rollup/rollup-darwin-x64" "4.6.1"
      "@rollup/rollup-linux-arm-gnueabihf" "4.6.1"
      "@rollup/rollup-linux-arm64-gnu" "4.6.1"
      "@rollup/rollup-linux-arm64-musl" "4.6.1"
      "@rollup/rollup-linux-x64-gnu" "4.6.1"
      "@rollup/rollup-linux-x64-musl" "4.6.1"
      "@rollup/rollup-win32-arm64-msvc" "4.6.1"
      "@rollup/rollup-win32-ia32-msvc" "4.6.1"
      "@rollup/rollup-win32-x64-msvc" "4.6.1"
      fsevents "~2.3.2"
  
  run-parallel@^1.1.9:
    version "1.2.0"
    resolved "https://registry.yarnpkg.com/run-parallel/-/run-parallel-1.2.0.tgz#66d1368da7bdf921eb9d95bd1a9229e7f21a43ee"
    integrity sha512-5l4VyZR86LZ/lDxZTR6jqL8AFE2S0IFLMP26AbjsLVADxHdhB/c0GUsH+y39UfCi3dzz8OlQuPmnaJOMoDHQBA==
    dependencies:
      queue-microtask "^1.2.2"
  
  sass-loader@^10.4.1:
    version "10.4.1"
    resolved "https://registry.npmjs.org/sass-loader/-/sass-loader-10.4.1.tgz"
    integrity sha512-aX/iJZTTpNUNx/OSYzo2KsjIUQHqvWsAhhUijFjAPdZTEhstjZI9zTNvkTTwsx+uNUJqUwOw5gacxQMx4hJxGQ==
    dependencies:
      klona "^2.0.4"
      loader-utils "^2.0.0"
      neo-async "^2.6.2"
      schema-utils "^3.0.0"
      semver "^7.3.2"
  
  sass@^1.69.5:
    version "1.69.5"
    resolved "https://registry.npmjs.org/sass/-/sass-1.69.5.tgz"
    integrity sha512-qg2+UCJibLr2LCVOt3OlPhr/dqVHWOa9XtZf2OjbLs/T4VPSJ00udtgJxH3neXZm+QqX8B+3cU7RaLqp1iVfcQ==
    dependencies:
      chokidar ">=3.0.0 <4.0.0"
      immutable "^4.0.0"
      source-map-js ">=0.6.2 <2.0.0"
  
  schema-utils@^3.0.0:
    version "3.3.0"
    resolved "https://registry.npmjs.org/schema-utils/-/schema-utils-3.3.0.tgz"
    integrity sha512-pN/yOAvcC+5rQ5nERGuwrjLlYvLTbCibnZ1I7B1LaiAz9BRBlE9GMgE/eqV30P7aJQUf7Ddimy/RsbYO/GrVGg==
    dependencies:
      "@types/json-schema" "^7.0.8"
      ajv "^6.12.5"
      ajv-keywords "^3.5.2"
  
  select@^1.1.2:
    version "1.1.2"
    resolved "https://registry.npmjs.org/select/-/select-1.1.2.tgz"
    integrity sha512-OwpTSOfy6xSs1+pwcNrv0RBMOzI39Lp3qQKUTPVVPRjCdNa5JH/oPRiqsesIskK8TVgmRiHwO4KXlV2Li9dANA==
  
  semver@^6.3.1:
    version "6.3.1"
    resolved "https://registry.yarnpkg.com/semver/-/semver-6.3.1.tgz#556d2ef8689146e46dcea4bfdd095f3434dffcb4"
    integrity sha512-BR7VvDCVHO+q2xBEWskxS6DJE1qRnb7DxzUrogb71CWoSficBxYsiAGd+Kl0mmq/MprG9yArRkyrQxTO6XjMzA==
  
  semver@^7.3.2:
    version "7.5.4"
    resolved "https://registry.npmjs.org/semver/-/semver-7.5.4.tgz"
    integrity sha512-1bCSESV6Pv+i21Hvpxp3Dx+pSD8lIPt8uVjRrxAUt/nbswYc+tK6Y2btiULjd4+fnq15PX+nqQDC7Oft7WkwcA==
    dependencies:
      lru-cache "^6.0.0"
  
  shebang-command@^2.0.0:
    version "2.0.0"
    resolved "https://registry.yarnpkg.com/shebang-command/-/shebang-command-2.0.0.tgz#ccd0af4f8835fbdc265b82461aaf0c36663f34ea"
    integrity sha512-kHxr2zZpYtdmrN1qDjrrX/Z1rR1kG8Dx+gkpK1G4eXmvXswmcE1hTWBWYUzlraYw1/yZp6YuDY77YtvbN0dmDA==
    dependencies:
      shebang-regex "^3.0.0"
  
  shebang-regex@^3.0.0:
    version "3.0.0"
    resolved "https://registry.yarnpkg.com/shebang-regex/-/shebang-regex-3.0.0.tgz#ae16f1644d873ecad843b0307b143362d4c42172"
    integrity sha512-7++dFhtcx3353uBaq8DDR4NuxBetBzC7ZQOhmTQInHEd6bSrXdiEyzCvG07Z44UYdLShWUyXt5M/yhz8ekcb1A==
  
  signal-exit@^3.0.3:
    version "3.0.7"
    resolved "https://registry.yarnpkg.com/signal-exit/-/signal-exit-3.0.7.tgz#a9a1767f8af84155114eaabd73f99273c8f59ad9"
    integrity sha512-wnD2ZE+l+SPC/uoS0vXeE9L1+0wuaMqKlfz9AMUo38JsyLSBWSFcHR1Rri62LZc12vLr1gb3jl7iwQhgwpAbGQ==
  
  sirv@^2.0.3:
    version "2.0.3"
    resolved "https://registry.yarnpkg.com/sirv/-/sirv-2.0.3.tgz#ca5868b87205a74bef62a469ed0296abceccd446"
    integrity sha512-O9jm9BsID1P+0HOi81VpXPoDxYP374pkOLzACAoyUQ/3OUVndNpsz6wMnY2z+yOxzbllCKZrM+9QrWsv4THnyA==
    dependencies:
      "@polka/url" "^1.0.0-next.20"
      mrmime "^1.0.0"
      totalist "^3.0.0"
  
  "source-map-js@>=0.6.2 <2.0.0", source-map-js@^1.0.1, source-map-js@^1.0.2:
    version "1.0.2"
    resolved "https://registry.npmjs.org/source-map-js/-/source-map-js-1.0.2.tgz"
    integrity sha512-R0XvVJ9WusLiqTCEiGCmICCMplcCkIwwR11mOSD9CR5u+IXYdiseeEuXCVAjS54zqwkLcPNnmU4OeJ6tUrWhDw==
  
  strip-final-newline@^2.0.0:
    version "2.0.0"
    resolved "https://registry.yarnpkg.com/strip-final-newline/-/strip-final-newline-2.0.0.tgz#89b852fb2fcbe936f6f4b3187afb0a12c1ab58ad"
    integrity sha512-BrpvfNAE3dcvq7ll3xVumzjKjZQ5tI1sEUIKr3Uoks0XUl45St3FlatVqef9prk4jRDzhW6WZg+3bk93y6pLjA==
  
  supports-color@^5.3.0:
    version "5.5.0"
    resolved "https://registry.yarnpkg.com/supports-color/-/supports-color-5.5.0.tgz#e2e69a44ac8772f78a1ec0b35b689df6530efc8f"
    integrity sha512-QjVjwdXIt408MIiAqCX4oUKsgU2EqAGzs2Ppkm4aQYbjm+ZEWEcW4SfFNTr4uMNZma0ey4f5lgLrkB0aX0QMow==
    dependencies:
      has-flag "^3.0.0"
  
  tiny-emitter@^2.0.0:
    version "2.1.0"
    resolved "https://registry.npmjs.org/tiny-emitter/-/tiny-emitter-2.1.0.tgz"
    integrity sha512-NB6Dk1A9xgQPMoGqC5CVXn123gWyte215ONT5Pp5a0yt4nlEoO1ZWeCwpncaekPHXO60i47ihFnZPiRPjRMq4Q==
  
  to-fast-properties@^2.0.0:
    version "2.0.0"
    resolved "https://registry.yarnpkg.com/to-fast-properties/-/to-fast-properties-2.0.0.tgz#dc5e698cbd079265bc73e0377681a4e4e83f616e"
    integrity sha512-/OaKK0xYrs3DmxRYqL/yDc+FxFUVYhDlXMhRmv3z915w2HF1tnN1omB354j8VUGO/hbRzyD6Y3sA7v7GS/ceog==
  
  to-regex-range@^5.0.1:
    version "5.0.1"
    resolved "https://registry.npmjs.org/to-regex-range/-/to-regex-range-5.0.1.tgz"
    integrity sha512-65P7iz6X5yEr1cwcgvQxbbIw7Uk3gOy5dIdtZ4rDveLqhrdJP+Li/Hx6tyK0NEb+2GCyneCMJiGqrADCSNk8sQ==
    dependencies:
      is-number "^7.0.0"
  
  totalist@^3.0.0:
    version "3.0.1"
    resolved "https://registry.yarnpkg.com/totalist/-/totalist-3.0.1.tgz#ba3a3d600c915b1a97872348f79c127475f6acf8"
    integrity sha512-sf4i37nQ2LBx4m3wB74y+ubopq6W/dIzXg0FDGjsYnZHVa1Da8FH853wlL2gtUhg+xJXjfk3kUZS3BRoQeoQBQ==
  
  ufo@^1.3.0:
    version "1.3.2"
    resolved "https://registry.yarnpkg.com/ufo/-/ufo-1.3.2.tgz#c7d719d0628a1c80c006d2240e0d169f6e3c0496"
    integrity sha512-o+ORpgGwaYQXgqGDwd+hkS4PuZ3QnmqMMxRuajK/a38L6fTpcE5GPIfrf+L/KemFzfUpeUQc1rRS1iDBozvnFA==
  
  unconfig@^0.3.11:
    version "0.3.11"
    resolved "https://registry.yarnpkg.com/unconfig/-/unconfig-0.3.11.tgz#455e6c8e3fdedeccd393f51fcabeb205ebaf2908"
    integrity sha512-bV/nqePAKv71v3HdVUn6UefbsDKQWRX+bJIkiSm0+twIds6WiD2bJLWWT3i214+J/B4edufZpG2w7Y63Vbwxow==
    dependencies:
      "@antfu/utils" "^0.7.6"
      defu "^6.1.2"
      jiti "^1.20.0"
      mlly "^1.4.2"
  
  unocss-preset-weapp@^0.57.1:
    version "0.57.1"
    resolved "https://registry.yarnpkg.com/unocss-preset-weapp/-/unocss-preset-weapp-0.57.1.tgz#d12bf4191975880221a4ca60c9c9879a10198098"
    integrity sha512-hpt3yGOMuN0l5Wxyop10tOwsAhUTkMFBrcK9wpgJvtMpcG7VuTaawAHtD0VQ5lAC04Wls3ufmOZvXlnxzB01Qg==
    dependencies:
      "@rollup/pluginutils" "^5.0.5"
      "@unocss/core" "^0.57.4"
      "@unocss/extractor-arbitrary-variants" "^0.57.4"
      "@unocss/rule-utils" "^0.57.4"
      unplugin-attributify-to-class "^0.2.5"
      unplugin-transform-class "^0.5.1"
  
  unocss@^0.57.7:
    version "0.57.7"
    resolved "https://registry.yarnpkg.com/unocss/-/unocss-0.57.7.tgz#d73aa2fd3f71adea3335f144e18c84b23db8dfe3"
    integrity sha512-Z99ZZPkbkjIUXEM7L+K/7Y5V5yqUS0VigG7ZIFzLf/npieKmXHKlrPyvQWFQaf3OqooMFuKBQivh75TwvSOkcQ==
    dependencies:
      "@unocss/astro" "0.57.7"
      "@unocss/cli" "0.57.7"
      "@unocss/core" "0.57.7"
      "@unocss/extractor-arbitrary-variants" "0.57.7"
      "@unocss/postcss" "0.57.7"
      "@unocss/preset-attributify" "0.57.7"
      "@unocss/preset-icons" "0.57.7"
      "@unocss/preset-mini" "0.57.7"
      "@unocss/preset-tagify" "0.57.7"
      "@unocss/preset-typography" "0.57.7"
      "@unocss/preset-uno" "0.57.7"
      "@unocss/preset-web-fonts" "0.57.7"
      "@unocss/preset-wind" "0.57.7"
      "@unocss/reset" "0.57.7"
      "@unocss/transformer-attributify-jsx" "0.57.7"
      "@unocss/transformer-attributify-jsx-babel" "0.57.7"
      "@unocss/transformer-compile-class" "0.57.7"
      "@unocss/transformer-directives" "0.57.7"
      "@unocss/transformer-variant-group" "0.57.7"
      "@unocss/vite" "0.57.7"
  
  unplugin-attributify-to-class@^0.2.5:
    version "0.2.5"
    resolved "https://registry.yarnpkg.com/unplugin-attributify-to-class/-/unplugin-attributify-to-class-0.2.5.tgz#efd588f5c609d40f5be73d6cb58a6ad8b07d35e0"
    integrity sha512-0lTUi01mI19PmTTX4420QO6gJFic1wK4LqNnHeBNDrthQEKI0xw/lYg0bGnWYgPmyqXz88hAdLG+ibaypibXqg==
    dependencies:
      "@rollup/pluginutils" "^5.0.5"
      unplugin "^1.5.0"
      unplugin-transform-class "^0.5.1"
  
  unplugin-transform-class@^0.5.1:
    version "0.5.1"
    resolved "https://registry.yarnpkg.com/unplugin-transform-class/-/unplugin-transform-class-0.5.1.tgz#2f2e8404e3987991bcff7a2c5e698b08f4dcfa83"
    integrity sha512-v3TvmVFsosuq6GXyelcr1lPsgDVcAQiWE7NA6JezVjUUdiSjDvnZYQf8x6hCm1+Ouh5dg3QvCZ57o8la/svDNA==
    dependencies:
      "@meoc/utils" "^0.2.5"
      "@rollup/pluginutils" "^5.0.2"
      unplugin "1.4.0"
  
  unplugin@1.4.0:
    version "1.4.0"
    resolved "https://registry.yarnpkg.com/unplugin/-/unplugin-1.4.0.tgz#b771373aa1bc664f50a044ee8009bd3a7aa04d85"
    integrity sha512-5x4eIEL6WgbzqGtF9UV8VEC/ehKptPXDS6L2b0mv4FRMkJxRtjaJfOWDd6a8+kYbqsjklix7yWP0N3SUepjXcg==
    dependencies:
      acorn "^8.9.0"
      chokidar "^3.5.3"
      webpack-sources "^3.2.3"
      webpack-virtual-modules "^0.5.0"
  
  unplugin@^1.5.0:
    version "1.5.1"
    resolved "https://registry.yarnpkg.com/unplugin/-/unplugin-1.5.1.tgz#806688376fa3dcca4d2fa2c5d27cf6cd0370fbef"
    integrity sha512-0QkvG13z6RD+1L1FoibQqnvTwVBXvS4XSPwAyinVgoOCl2jAgwzdUKmEj05o4Lt8xwQI85Hb6mSyYkcAGwZPew==
    dependencies:
      acorn "^8.11.2"
      chokidar "^3.5.3"
      webpack-sources "^3.2.3"
      webpack-virtual-modules "^0.6.0"
  
  update-browserslist-db@^1.0.13:
    version "1.0.13"
    resolved "https://registry.yarnpkg.com/update-browserslist-db/-/update-browserslist-db-1.0.13.tgz#3c5e4f5c083661bd38ef64b6328c26ed6c8248c4"
    integrity sha512-xebP81SNcPuNpPP3uzeW1NYXxI3rxyJzF3pD6sH4jE7o/IX+WtSpwnVU+qIsDPyk0d3hmFQ7mjqc6AtV604hbg==
    dependencies:
      escalade "^3.1.1"
      picocolors "^1.0.0"
  
  uri-js@^4.2.2:
    version "4.4.1"
    resolved "https://registry.npmjs.org/uri-js/-/uri-js-4.4.1.tgz"
    integrity sha512-7rKUyy33Q1yc98pQ1DAmLtwX109F7TIfWlW1Ydo8Wl1ii1SeHieeh0HHfPeL2fMXK6z0s8ecKs9frCuLJvndBg==
    dependencies:
      punycode "^2.1.0"
  
  uview-plus@^3.1.41:
    version "3.1.41"
    resolved "https://registry.npmjs.org/uview-plus/-/uview-plus-3.1.41.tgz"
    integrity sha512-xmbV8JK73GOKZXdpzj9Dm0VCE6cIc7nchyutF33SeixCXpRr4A5Y/QuDyFEg4Vzr/lgNVvml43Ayfq9Mm1a5AQ==
    dependencies:
      clipboard "^2.0.11"
      dayjs "^1.11.3"
  
  vite@^5.0.4:
    version "5.0.4"
    resolved "https://registry.yarnpkg.com/vite/-/vite-5.0.4.tgz#d984d2aaa8bac30f1ca9b9eea9b97e052f88c307"
    integrity sha512-RzAr8LSvM8lmhB4tQ5OPcBhpjOZRZjuxv9zO5UcxeoY2bd3kP3Ticd40Qma9/BqZ8JS96Ll/jeBX9u+LJZrhVg==
    dependencies:
      esbuild "^0.19.3"
      postcss "^8.4.31"
      rollup "^4.2.0"
    optionalDependencies:
      fsevents "~2.3.3"
  
  webpack-sources@^3.2.3:
    version "3.2.3"
    resolved "https://registry.yarnpkg.com/webpack-sources/-/webpack-sources-3.2.3.tgz#2d4daab8451fd4b240cc27055ff6a0c2ccea0cde"
    integrity sha512-/DyMEOrDgLKKIG0fmvtz+4dUX/3Ghozwgm6iPp8KRhvn+eQf9+Q7GWxVNMk3+uCPWfdXYC4ExGBckIXdFEfH1w==
  
  webpack-virtual-modules@^0.5.0:
    version "0.5.0"
    resolved "https://registry.yarnpkg.com/webpack-virtual-modules/-/webpack-virtual-modules-0.5.0.tgz#362f14738a56dae107937ab98ea7062e8bdd3b6c"
    integrity sha512-kyDivFZ7ZM0BVOUteVbDFhlRt7Ah/CSPwJdi8hBpkK7QLumUqdLtVfm/PX/hkcnrvr0i77fO5+TjZ94Pe+C9iw==
  
  webpack-virtual-modules@^0.6.0:
    version "0.6.1"
    resolved "https://registry.yarnpkg.com/webpack-virtual-modules/-/webpack-virtual-modules-0.6.1.tgz#ac6fdb9c5adb8caecd82ec241c9631b7a3681b6f"
    integrity sha512-poXpCylU7ExuvZK8z+On3kX+S8o/2dQ/SVYueKA0D4WEMXROXgY8Ez50/bQEUmvoSMMrWcrJqCHuhAbsiwg7Dg==
  
  which@^2.0.1:
    version "2.0.2"
    resolved "https://registry.yarnpkg.com/which/-/which-2.0.2.tgz#7c6a8dd0a636a0327e10b59c9286eee93f3f51b1"
    integrity sha512-BLI3Tl1TW3Pvl70l3yq3Y64i+awpwXqsGBYWkkqMtnbXgrMD+yj7rhW0kuEDxzJaYXGjEW5ogapKNMEKNMjibA==
    dependencies:
      isexe "^2.0.0"
  
  yallist@^3.0.2:
    version "3.1.1"
    resolved "https://registry.yarnpkg.com/yallist/-/yallist-3.1.1.tgz#dbb7daf9bfd8bac9ab45ebf602b8cbad0d5d08fd"
    integrity sha512-a4UGQaWPH59mOXUYnAG2ewncQS4i4F43Tv3JoAM+s2VDAmS9NsK8GpDMLrCHPksFT7h3K6TOoUNn2pb7RoXx4g==
  
  yallist@^4.0.0:
    version "4.0.0"
    resolved "https://registry.npmjs.org/yallist/-/yallist-4.0.0.tgz"
    integrity sha512-3wdGidZyq5PB084XLES5TpOSRA3wjXAlIWMhum2kRcv/41Sn2emQ0dycQW4uZXLejwKvg6EsvbdlVL+FYEct7A==
  
  yocto-queue@^0.1.0:
    version "0.1.0"
    resolved "https://registry.yarnpkg.com/yocto-queue/-/yocto-queue-0.1.0.tgz#0294eb3dee05028d31ee1a5fa2c556a6aaf10a1b"
    integrity sha512-rVksvsnNCdJ/ohGc6xgPwyN8eheCxsiLM8mxuE/t/mOVqJewPuO1miLpTHQiRgTKCLexL4MeAFVagts7HmNZ2Q==
